{"C:\\Users\\joshu\\..Project\\Projects\\IngestForge_Repo\\frontend\\src\\components\\ClarificationDialog.tsx": {"path":"C:\\Users\\joshu\\..Project\\Projects\\IngestForge_Repo\\frontend\\src\\components\\ClarificationDialog.tsx","statementMap":{"0":{"start":{"line":137,"column":13},"end":{"line":137,"column":32}},"1":{"start":{"line":457,"column":0},"end":{"line":457,"column":15}},"2":{"start":{"line":364,"column":16},"end":{"line":364,"column":37}},"3":{"start":{"line":14,"column":32},"end":{"line":14,"column":null}},"4":{"start":{"line":30,"column":7},"end":{"line":30,"column":null}},"5":{"start":{"line":108,"column":2},"end":{"line":108,"column":null}},"6":{"start":{"line":108,"column":19},"end":{"line":108,"column":null}},"7":{"start":{"line":109,"column":2},"end":{"line":109,"column":null}},"8":{"start":{"line":109,"column":19},"end":{"line":109,"column":null}},"9":{"start":{"line":110,"column":2},"end":{"line":110,"column":null}},"10":{"start":{"line":137,"column":71},"end":{"line":345,"column":null}},"11":{"start":{"line":147,"column":54},"end":{"line":147,"column":null}},"12":{"start":{"line":148,"column":38},"end":{"line":148,"column":null}},"13":{"start":{"line":149,"column":28},"end":{"line":149,"column":null}},"14":{"start":{"line":158,"column":6},"end":{"line":158,"column":null}},"15":{"start":{"line":161,"column":28},"end":{"line":161,"column":null}},"16":{"start":{"line":167,"column":23},"end":{"line":206,"column":null}},"17":{"start":{"line":168,"column":4},"end":{"line":171,"column":null}},"18":{"start":{"line":169,"column":6},"end":{"line":169,"column":null}},"19":{"start":{"line":170,"column":6},"end":{"line":170,"column":null}},"20":{"start":{"line":173,"column":4},"end":{"line":173,"column":null}},"21":{"start":{"line":174,"column":4},"end":{"line":174,"column":null}},"22":{"start":{"line":176,"column":4},"end":{"line":205,"column":null}},"23":{"start":{"line":177,"column":23},"end":{"line":186,"column":null}},"24":{"start":{"line":188,"column":6},"end":{"line":191,"column":null}},"25":{"start":{"line":189,"column":26},"end":{"line":189,"column":null}},"26":{"start":{"line":190,"column":8},"end":{"line":190,"column":null}},"27":{"start":{"line":193,"column":40},"end":{"line":193,"column":null}},"28":{"start":{"line":196,"column":6},"end":{"line":196,"column":null}},"29":{"start":{"line":199,"column":6},"end":{"line":199,"column":null}},"30":{"start":{"line":201,"column":27},"end":{"line":201,"column":null}},"31":{"start":{"line":202,"column":6},"end":{"line":202,"column":null}},"32":{"start":{"line":204,"column":6},"end":{"line":204,"column":null}},"33":{"start":{"line":212,"column":28},"end":{"line":216,"column":null}},"34":{"start":{"line":213,"column":4},"end":{"line":213,"column":null}},"35":{"start":{"line":214,"column":4},"end":{"line":214,"column":null}},"36":{"start":{"line":215,"column":4},"end":{"line":215,"column":null}},"37":{"start":{"line":222,"column":22},"end":{"line":226,"column":null}},"38":{"start":{"line":223,"column":4},"end":{"line":223,"column":null}},"39":{"start":{"line":224,"column":4},"end":{"line":224,"column":null}},"40":{"start":{"line":225,"column":4},"end":{"line":225,"column":null}},"41":{"start":{"line":294,"column":31},"end":{"line":294,"column":null}},"42":{"start":{"line":297,"column":16},"end":{"line":298,"column":null}},"43":{"start":{"line":365,"column":30},"end":{"line":365,"column":null}},"44":{"start":{"line":366,"column":44},"end":{"line":366,"column":null}},"45":{"start":{"line":367,"column":52},"end":{"line":367,"column":null}},"46":{"start":{"line":368,"column":50},"end":{"line":368,"column":null}},"47":{"start":{"line":378,"column":18},"end":{"line":417,"column":null}},"48":{"start":{"line":383,"column":4},"end":{"line":416,"column":null}},"49":{"start":{"line":384,"column":23},"end":{"line":394,"column":null}},"50":{"start":{"line":396,"column":6},"end":{"line":398,"column":null}},"51":{"start":{"line":397,"column":8},"end":{"line":397,"column":null}},"52":{"start":{"line":400,"column":41},"end":{"line":400,"column":null}},"53":{"start":{"line":402,"column":6},"end":{"line":410,"column":null}},"54":{"start":{"line":403,"column":8},"end":{"line":403,"column":null}},"55":{"start":{"line":404,"column":8},"end":{"line":404,"column":null}},"56":{"start":{"line":405,"column":8},"end":{"line":405,"column":null}},"57":{"start":{"line":406,"column":8},"end":{"line":408,"column":null}},"58":{"start":{"line":407,"column":10},"end":{"line":407,"column":null}},"59":{"start":{"line":407,"column":36},"end":{"line":407,"column":null}},"60":{"start":{"line":409,"column":8},"end":{"line":409,"column":null}},"61":{"start":{"line":412,"column":6},"end":{"line":412,"column":null}},"62":{"start":{"line":414,"column":6},"end":{"line":414,"column":null}},"63":{"start":{"line":415,"column":6},"end":{"line":415,"column":null}},"64":{"start":{"line":422,"column":17},"end":{"line":427,"column":null}},"65":{"start":{"line":423,"column":4},"end":{"line":423,"column":null}},"66":{"start":{"line":424,"column":4},"end":{"line":426,"column":null}},"67":{"start":{"line":425,"column":6},"end":{"line":425,"column":null}},"68":{"start":{"line":432,"column":22},"end":{"line":437,"column":null}},"69":{"start":{"line":433,"column":4},"end":{"line":433,"column":null}},"70":{"start":{"line":434,"column":4},"end":{"line":436,"column":null}},"71":{"start":{"line":435,"column":6},"end":{"line":435,"column":null}},"72":{"start":{"line":442,"column":16},"end":{"line":444,"column":null}},"73":{"start":{"line":443,"column":4},"end":{"line":443,"column":null}},"74":{"start":{"line":446,"column":2},"end":{"line":454,"column":null}},"75":{"start":{"line":457,"column":15},"end":{"line":457,"column":35}}},"fnMap":{"0":{"name":"getClarityColor","decl":{"start":{"line":107,"column":9},"end":{"line":107,"column":25}},"loc":{"start":{"line":107,"column":38},"end":{"line":111,"column":null}}},"1":{"name":"getClarityIcon","decl":{"start":{"line":119,"column":9},"end":{"line":119,"column":24}},"loc":{"start":{"line":119,"column":37},"end":{"line":123,"column":null}}},"2":{"name":"(anonymous_10)","decl":{"start":{"line":137,"column":71},"end":{"line":137,"column":72}},"loc":{"start":{"line":145,"column":1},"end":{"line":345,"column":null}}},"3":{"name":"(anonymous_11)","decl":{"start":{"line":167,"column":23},"end":{"line":167,"column":null}},"loc":{"start":{"line":167,"column":23},"end":{"line":206,"column":null}}},"4":{"name":"(anonymous_12)","decl":{"start":{"line":212,"column":28},"end":{"line":212,"column":null}},"loc":{"start":{"line":212,"column":28},"end":{"line":216,"column":null}}},"5":{"name":"(anonymous_13)","decl":{"start":{"line":222,"column":22},"end":{"line":222,"column":null}},"loc":{"start":{"line":222,"column":22},"end":{"line":226,"column":null}}},"6":{"name":"(anonymous_14)","decl":{"start":{"line":294,"column":24},"end":{"line":294,"column":25}},"loc":{"start":{"line":294,"column":31},"end":{"line":294,"column":null}}},"7":{"name":"(anonymous_15)","decl":{"start":{"line":296,"column":31},"end":{"line":296,"column":32}},"loc":{"start":{"line":297,"column":16},"end":{"line":298,"column":null}}},"8":{"name":"useQueryClarification","decl":{"start":{"line":364,"column":16},"end":{"line":364,"column":37}},"loc":{"start":{"line":364,"column":61},"end":{"line":455,"column":null}}},"9":{"name":"(anonymous_17)","decl":{"start":{"line":378,"column":18},"end":{"line":378,"column":null}},"loc":{"start":{"line":381,"column":4},"end":{"line":417,"column":null}}},"10":{"name":"(anonymous_18)","decl":{"start":{"line":407,"column":30},"end":{"line":407,"column":36}},"loc":{"start":{"line":407,"column":36},"end":{"line":407,"column":null}}},"11":{"name":"(anonymous_19)","decl":{"start":{"line":422,"column":17},"end":{"line":422,"column":18}},"loc":{"start":{"line":422,"column":18},"end":{"line":427,"column":null}}},"12":{"name":"(anonymous_20)","decl":{"start":{"line":432,"column":22},"end":{"line":432,"column":null}},"loc":{"start":{"line":432,"column":22},"end":{"line":437,"column":null}}},"13":{"name":"(anonymous_21)","decl":{"start":{"line":442,"column":16},"end":{"line":442,"column":null}},"loc":{"start":{"line":442,"column":16},"end":{"line":444,"column":null}}}},"branchMap":{"0":{"loc":{"start":{"line":108,"column":2},"end":{"line":108,"column":null}},"type":"if","locations":[{"start":{"line":108,"column":2},"end":{"line":108,"column":null}}]},"1":{"loc":{"start":{"line":109,"column":2},"end":{"line":109,"column":null}},"type":"if","locations":[{"start":{"line":109,"column":2},"end":{"line":109,"column":null}}]},"2":{"loc":{"start":{"line":144,"column":2},"end":{"line":144,"column":17}},"type":"default-arg","locations":[{"start":{"line":144,"column":15},"end":{"line":144,"column":17}}]},"3":{"loc":{"start":{"line":168,"column":4},"end":{"line":171,"column":null}},"type":"if","locations":[{"start":{"line":168,"column":4},"end":{"line":171,"column":null}}]},"4":{"loc":{"start":{"line":188,"column":6},"end":{"line":191,"column":null}},"type":"if","locations":[{"start":{"line":188,"column":6},"end":{"line":191,"column":null}}]},"5":{"loc":{"start":{"line":190,"column":24},"end":{"line":190,"column":null}},"type":"binary-expr","locations":[{"start":{"line":190,"column":24},"end":{"line":190,"column":40}},{"start":{"line":190,"column":44},"end":{"line":190,"column":null}}]},"6":{"loc":{"start":{"line":201,"column":27},"end":{"line":201,"column":null}},"type":"cond-expr","locations":[{"start":{"line":201,"column":50},"end":{"line":201,"column":61}},{"start":{"line":201,"column":64},"end":{"line":201,"column":null}}]},"7":{"loc":{"start":{"line":287,"column":9},"end":{"line":287,"column":null}},"type":"binary-expr","locations":[{"start":{"line":287,"column":9},"end":{"line":287,"column":null}}]},"8":{"loc":{"start":{"line":314,"column":9},"end":{"line":314,"column":null}},"type":"binary-expr","locations":[{"start":{"line":314,"column":9},"end":{"line":314,"column":null}}]},"9":{"loc":{"start":{"line":337,"column":20},"end":{"line":337,"column":null}},"type":"binary-expr","locations":[{"start":{"line":337,"column":20},"end":{"line":337,"column":43}},{"start":{"line":337,"column":43},"end":{"line":337,"column":null}}]},"10":{"loc":{"start":{"line":340,"column":11},"end":{"line":340,"column":null}},"type":"cond-expr","locations":[{"start":{"line":340,"column":24},"end":{"line":340,"column":40}},{"start":{"line":340,"column":40},"end":{"line":340,"column":null}}]},"11":{"loc":{"start":{"line":364,"column":38},"end":{"line":364,"column":61}},"type":"default-arg","locations":[{"start":{"line":364,"column":59},"end":{"line":364,"column":61}}]},"12":{"loc":{"start":{"line":380,"column":4},"end":{"line":380,"column":27}},"type":"default-arg","locations":[{"start":{"line":380,"column":24},"end":{"line":380,"column":27}}]},"13":{"loc":{"start":{"line":396,"column":6},"end":{"line":398,"column":null}},"type":"if","locations":[{"start":{"line":396,"column":6},"end":{"line":398,"column":null}}]},"14":{"loc":{"start":{"line":402,"column":6},"end":{"line":410,"column":null}},"type":"if","locations":[{"start":{"line":402,"column":6},"end":{"line":410,"column":null}}]},"15":{"loc":{"start":{"line":406,"column":8},"end":{"line":408,"column":null}},"type":"if","locations":[{"start":{"line":406,"column":8},"end":{"line":408,"column":null}}]},"16":{"loc":{"start":{"line":424,"column":4},"end":{"line":426,"column":null}},"type":"if","locations":[{"start":{"line":424,"column":4},"end":{"line":426,"column":null}}]},"17":{"loc":{"start":{"line":434,"column":4},"end":{"line":436,"column":null}},"type":"if","locations":[{"start":{"line":434,"column":4},"end":{"line":436,"column":null}}]}},"s":{"0":0,"1":0,"2":0,"3":0,"4":0,"5":0,"6":0,"7":0,"8":0,"9":0,"10":0,"11":0,"12":0,"13":0,"14":0,"15":0,"16":0,"17":0,"18":0,"19":0,"20":0,"21":0,"22":0,"23":0,"24":0,"25":0,"26":0,"27":0,"28":0,"29":0,"30":0,"31":0,"32":0,"33":0,"34":0,"35":0,"36":0,"37":0,"38":0,"39":0,"40":0,"41":0,"42":0,"43":0,"44":0,"45":0,"46":0,"47":0,"48":0,"49":0,"50":0,"51":0,"52":0,"53":0,"54":0,"55":0,"56":0,"57":0,"58":0,"59":0,"60":0,"61":0,"62":0,"63":0,"64":0,"65":0,"66":0,"67":0,"68":0,"69":0,"70":0,"71":0,"72":0,"73":0,"74":0,"75":0},"f":{"0":0,"1":0,"2":0,"3":0,"4":0,"5":0,"6":0,"7":0,"8":0,"9":0,"10":0,"11":0,"12":0,"13":0},"b":{"0":[0],"1":[0],"2":[0],"3":[0],"4":[0],"5":[0,0],"6":[0,0],"7":[0],"8":[0],"9":[0,0],"10":[0,0],"11":[0],"12":[0],"13":[0],"14":[0],"15":[0],"16":[0],"17":[0]}}
,"C:\\Users\\joshu\\..Project\\Projects\\IngestForge_Repo\\frontend\\src\\components\\CommandPalette.tsx": {"path":"C:\\Users\\joshu\\..Project\\Projects\\IngestForge_Repo\\frontend\\src\\components\\CommandPalette.tsx","statementMap":{"0":{"start":{"line":25,"column":13},"end":{"line":25,"column":30}},"1":{"start":{"line":3,"column":43},"end":{"line":3,"column":null}},"2":{"start":{"line":14,"column":7},"end":{"line":14,"column":null}},"3":{"start":{"line":15,"column":26},"end":{"line":15,"column":null}},"4":{"start":{"line":25,"column":30},"end":{"line":101,"column":null}},"5":{"start":{"line":26,"column":30},"end":{"line":26,"column":null}},"6":{"start":{"line":27,"column":28},"end":{"line":27,"column":null}},"7":{"start":{"line":28,"column":17},"end":{"line":28,"column":null}},"8":{"start":{"line":30,"column":30},"end":{"line":38,"column":null}},"9":{"start":{"line":31,"column":102},"end":{"line":31,"column":125}},"10":{"start":{"line":32,"column":103},"end":{"line":32,"column":128}},"11":{"start":{"line":33,"column":104},"end":{"line":33,"column":126}},"12":{"start":{"line":34,"column":97},"end":{"line":34,"column":114}},"13":{"start":{"line":35,"column":106},"end":{"line":35,"column":131}},"14":{"start":{"line":36,"column":105},"end":{"line":36,"column":131}},"15":{"start":{"line":37,"column":104},"end":{"line":37,"column":129}},"16":{"start":{"line":40,"column":2},"end":{"line":50,"column":null}},"17":{"start":{"line":41,"column":26},"end":{"line":47,"column":null}},"18":{"start":{"line":42,"column":6},"end":{"line":45,"column":null}},"19":{"start":{"line":43,"column":8},"end":{"line":43,"column":null}},"20":{"start":{"line":44,"column":8},"end":{"line":44,"column":null}},"21":{"start":{"line":44,"column":28},"end":{"line":44,"column":null}},"22":{"start":{"line":46,"column":6},"end":{"line":46,"column":null}},"23":{"start":{"line":46,"column":30},"end":{"line":46,"column":null}},"24":{"start":{"line":48,"column":4},"end":{"line":48,"column":null}},"25":{"start":{"line":49,"column":4},"end":{"line":49,"column":null}},"26":{"start":{"line":49,"column":17},"end":{"line":49,"column":null}},"27":{"start":{"line":52,"column":2},"end":{"line":52,"column":null}},"28":{"start":{"line":52,"column":15},"end":{"line":52,"column":null}},"29":{"start":{"line":65,"column":29},"end":{"line":65,"column":null}},"30":{"start":{"line":74,"column":25},"end":{"line":74,"column":null}},"31":{"start":{"line":76,"column":14},"end":{"line":77,"column":null}},"32":{"start":{"line":78,"column":33},"end":{"line":78,"column":47}},"33":{"start":{"line":78,"column":47},"end":{"line":78,"column":65}}},"fnMap":{"0":{"name":"(anonymous_4)","decl":{"start":{"line":25,"column":30},"end":{"line":25,"column":null}},"loc":{"start":{"line":25,"column":30},"end":{"line":101,"column":null}}},"1":{"name":"(anonymous_5)","decl":{"start":{"line":31,"column":96},"end":{"line":31,"column":102}},"loc":{"start":{"line":31,"column":102},"end":{"line":31,"column":125}}},"2":{"name":"(anonymous_6)","decl":{"start":{"line":32,"column":97},"end":{"line":32,"column":103}},"loc":{"start":{"line":32,"column":103},"end":{"line":32,"column":128}}},"3":{"name":"(anonymous_7)","decl":{"start":{"line":33,"column":98},"end":{"line":33,"column":104}},"loc":{"start":{"line":33,"column":104},"end":{"line":33,"column":126}}},"4":{"name":"(anonymous_8)","decl":{"start":{"line":34,"column":91},"end":{"line":34,"column":97}},"loc":{"start":{"line":34,"column":97},"end":{"line":34,"column":114}}},"5":{"name":"(anonymous_9)","decl":{"start":{"line":35,"column":100},"end":{"line":35,"column":106}},"loc":{"start":{"line":35,"column":106},"end":{"line":35,"column":131}}},"6":{"name":"(anonymous_10)","decl":{"start":{"line":36,"column":97},"end":{"line":36,"column":105}},"loc":{"start":{"line":36,"column":97},"end":{"line":36,"column":133}}},"7":{"name":"(anonymous_11)","decl":{"start":{"line":37,"column":98},"end":{"line":37,"column":104}},"loc":{"start":{"line":37,"column":104},"end":{"line":37,"column":129}}},"8":{"name":"(anonymous_12)","decl":{"start":{"line":40,"column":12},"end":{"line":40,"column":null}},"loc":{"start":{"line":40,"column":12},"end":{"line":50,"column":5}}},"9":{"name":"(anonymous_13)","decl":{"start":{"line":41,"column":26},"end":{"line":41,"column":27}},"loc":{"start":{"line":41,"column":27},"end":{"line":47,"column":null}}},"10":{"name":"(anonymous_14)","decl":{"start":{"line":44,"column":18},"end":{"line":44,"column":19}},"loc":{"start":{"line":44,"column":28},"end":{"line":44,"column":null}}},"11":{"name":"(anonymous_15)","decl":{"start":{"line":49,"column":11},"end":{"line":49,"column":17}},"loc":{"start":{"line":49,"column":17},"end":{"line":49,"column":null}}},"12":{"name":"(anonymous_16)","decl":{"start":{"line":65,"column":22},"end":{"line":65,"column":23}},"loc":{"start":{"line":65,"column":29},"end":{"line":65,"column":null}}},"13":{"name":"(anonymous_17)","decl":{"start":{"line":74,"column":20},"end":{"line":74,"column":25}},"loc":{"start":{"line":74,"column":25},"end":{"line":74,"column":null}}},"14":{"name":"(anonymous_18)","decl":{"start":{"line":75,"column":17},"end":{"line":75,"column":18}},"loc":{"start":{"line":76,"column":14},"end":{"line":77,"column":null}}},"15":{"name":"(anonymous_19)","decl":{"start":{"line":78,"column":25},"end":{"line":78,"column":33}},"loc":{"start":{"line":78,"column":25},"end":{"line":78,"column":null}}}},"branchMap":{"0":{"loc":{"start":{"line":42,"column":6},"end":{"line":45,"column":null}},"type":"if","locations":[{"start":{"line":42,"column":6},"end":{"line":45,"column":null}}]},"1":{"loc":{"start":{"line":42,"column":10},"end":{"line":42,"column":53}},"type":"binary-expr","locations":[{"start":{"line":42,"column":11},"end":{"line":42,"column":20}},{"start":{"line":42,"column":24},"end":{"line":42,"column":32}},{"start":{"line":42,"column":38},"end":{"line":42,"column":53}}]},"2":{"loc":{"start":{"line":46,"column":6},"end":{"line":46,"column":null}},"type":"if","locations":[{"start":{"line":46,"column":6},"end":{"line":46,"column":null}}]},"3":{"loc":{"start":{"line":52,"column":2},"end":{"line":52,"column":null}},"type":"if","locations":[{"start":{"line":52,"column":2},"end":{"line":52,"column":null}}]}},"s":{"0":0,"1":0,"2":0,"3":0,"4":0,"5":0,"6":0,"7":0,"8":0,"9":0,"10":0,"11":0,"12":0,"13":0,"14":0,"15":0,"16":0,"17":0,"18":0,"19":0,"20":0,"21":0,"22":0,"23":0,"24":0,"25":0,"26":0,"27":0,"28":0,"29":0,"30":0,"31":0,"32":0,"33":0},"f":{"0":0,"1":0,"2":0,"3":0,"4":0,"5":0,"6":0,"7":0,"8":0,"9":0,"10":0,"11":0,"12":0,"13":0,"14":0,"15":0},"b":{"0":[0],"1":[0,0,0],"2":[0],"3":[0]}}
,"C:\\Users\\joshu\\..Project\\Projects\\IngestForge_Repo\\frontend\\src\\components\\Header.tsx": {"path":"C:\\Users\\joshu\\..Project\\Projects\\IngestForge_Repo\\frontend\\src\\components\\Header.tsx","statementMap":{"0":{"start":{"line":6,"column":13},"end":{"line":6,"column":22}},"1":{"start":{"line":3,"column":18},"end":{"line":3,"column":null}},"2":{"start":{"line":4,"column":35},"end":{"line":4,"column":null}},"3":{"start":{"line":6,"column":22},"end":{"line":38,"column":null}}},"fnMap":{"0":{"name":"(anonymous_2)","decl":{"start":{"line":6,"column":22},"end":{"line":6,"column":null}},"loc":{"start":{"line":6,"column":22},"end":{"line":38,"column":null}}}},"branchMap":{},"s":{"0":0,"1":0,"2":0,"3":0},"f":{"0":0},"b":{}}
,"C:\\Users\\joshu\\..Project\\Projects\\IngestForge_Repo\\frontend\\src\\components\\LogTerminal.tsx": {"path":"C:\\Users\\joshu\\..Project\\Projects\\IngestForge_Repo\\frontend\\src\\components\\LogTerminal.tsx","statementMap":{"0":{"start":{"line":45,"column":16},"end":{"line":45,"column":27}},"1":{"start":{"line":231,"column":0},"end":{"line":231,"column":15}},"2":{"start":{"line":16,"column":51},"end":{"line":16,"column":null}},"3":{"start":{"line":17,"column":43},"end":{"line":17,"column":null}},"4":{"start":{"line":21,"column":7},"end":{"line":21,"column":null}},"5":{"start":{"line":29,"column":44},"end":{"line":35,"column":null}},"6":{"start":{"line":37,"column":52},"end":{"line":43,"column":null}},"7":{"start":{"line":46,"column":40},"end":{"line":46,"column":null}},"8":{"start":{"line":47,"column":34},"end":{"line":47,"column":null}},"9":{"start":{"line":48,"column":38},"end":{"line":48,"column":null}},"10":{"start":{"line":49,"column":20},"end":{"line":49,"column":null}},"11":{"start":{"line":51,"column":71},"end":{"line":54,"column":null}},"12":{"start":{"line":57,"column":2},"end":{"line":61,"column":null}},"13":{"start":{"line":58,"column":4},"end":{"line":60,"column":null}},"14":{"start":{"line":59,"column":6},"end":{"line":59,"column":null}},"15":{"start":{"line":64,"column":23},"end":{"line":69,"column":null}},"16":{"start":{"line":66,"column":8},"end":{"line":67,"column":null}},"17":{"start":{"line":71,"column":24},"end":{"line":83,"column":null}},"18":{"start":{"line":72,"column":4},"end":{"line":72,"column":null}},"19":{"start":{"line":72,"column":15},"end":{"line":72,"column":null}},"20":{"start":{"line":73,"column":18},"end":{"line":73,"column":null}},"21":{"start":{"line":74,"column":4},"end":{"line":80,"column":null}},"22":{"start":{"line":75,"column":6},"end":{"line":80,"column":null}},"23":{"start":{"line":118,"column":33},"end":{"line":118,"column":null}},"24":{"start":{"line":126,"column":31},"end":{"line":126,"column":null}},"25":{"start":{"line":137,"column":29},"end":{"line":137,"column":null}},"26":{"start":{"line":191,"column":12},"end":{"line":191,"column":33}},"27":{"start":{"line":231,"column":15},"end":{"line":231,"column":27}}},"fnMap":{"0":{"name":"LogTerminal","decl":{"start":{"line":45,"column":16},"end":{"line":45,"column":27}},"loc":{"start":{"line":45,"column":89},"end":{"line":204,"column":null}}},"1":{"name":"(anonymous_7)","decl":{"start":{"line":57,"column":12},"end":{"line":57,"column":null}},"loc":{"start":{"line":57,"column":12},"end":{"line":61,"column":5}}},"2":{"name":"(anonymous_8)","decl":{"start":{"line":65,"column":18},"end":{"line":65,"column":19}},"loc":{"start":{"line":66,"column":8},"end":{"line":67,"column":null}}},"3":{"name":"(anonymous_9)","decl":{"start":{"line":71,"column":24},"end":{"line":71,"column":25}},"loc":{"start":{"line":71,"column":39},"end":{"line":83,"column":null}}},"4":{"name":"(anonymous_10)","decl":{"start":{"line":74,"column":21},"end":{"line":74,"column":22}},"loc":{"start":{"line":75,"column":6},"end":{"line":80,"column":null}}},"5":{"name":"(anonymous_11)","decl":{"start":{"line":118,"column":26},"end":{"line":118,"column":27}},"loc":{"start":{"line":118,"column":33},"end":{"line":118,"column":null}}},"6":{"name":"(anonymous_12)","decl":{"start":{"line":126,"column":24},"end":{"line":126,"column":25}},"loc":{"start":{"line":126,"column":31},"end":{"line":126,"column":null}}},"7":{"name":"(anonymous_13)","decl":{"start":{"line":137,"column":23},"end":{"line":137,"column":29}},"loc":{"start":{"line":137,"column":29},"end":{"line":137,"column":null}}},"8":{"name":"(anonymous_14)","decl":{"start":{"line":190,"column":27},"end":{"line":190,"column":28}},"loc":{"start":{"line":191,"column":12},"end":{"line":191,"column":33}}},"9":{"name":"LogLine","decl":{"start":{"line":207,"column":9},"end":{"line":207,"column":17}},"loc":{"start":{"line":215,"column":1},"end":{"line":229,"column":null}}}},"branchMap":{"0":{"loc":{"start":{"line":45,"column":30},"end":{"line":45,"column":49}},"type":"default-arg","locations":[{"start":{"line":45,"column":42},"end":{"line":45,"column":49}}]},"1":{"loc":{"start":{"line":45,"column":51},"end":{"line":45,"column":69}},"type":"default-arg","locations":[{"start":{"line":45,"column":65},"end":{"line":45,"column":69}}]},"2":{"loc":{"start":{"line":58,"column":4},"end":{"line":60,"column":null}},"type":"if","locations":[{"start":{"line":58,"column":4},"end":{"line":60,"column":null}}]},"3":{"loc":{"start":{"line":58,"column":8},"end":{"line":58,"column":38}},"type":"binary-expr","locations":[{"start":{"line":58,"column":8},"end":{"line":58,"column":21}},{"start":{"line":58,"column":21},"end":{"line":58,"column":38}}]},"4":{"loc":{"start":{"line":64,"column":23},"end":{"line":69,"column":null}},"type":"cond-expr","locations":[{"start":{"line":65,"column":6},"end":{"line":67,"column":null}},{"start":{"line":69,"column":6},"end":{"line":69,"column":null}}]},"5":{"loc":{"start":{"line":66,"column":8},"end":{"line":67,"column":null}},"type":"binary-expr","locations":[{"start":{"line":66,"column":8},"end":{"line":66,"column":null}},{"start":{"line":67,"column":8},"end":{"line":67,"column":null}}]},"6":{"loc":{"start":{"line":72,"column":4},"end":{"line":72,"column":null}},"type":"if","locations":[{"start":{"line":72,"column":4},"end":{"line":72,"column":null}}]},"7":{"loc":{"start":{"line":75,"column":6},"end":{"line":80,"column":null}},"type":"cond-expr","locations":[{"start":{"line":76,"column":8},"end":{"line":76,"column":22}},{"start":{"line":80,"column":8},"end":{"line":80,"column":null}}]},"8":{"loc":{"start":{"line":88,"column":7},"end":{"line":88,"column":null}},"type":"binary-expr","locations":[{"start":{"line":88,"column":7},"end":{"line":88,"column":null}}]},"9":{"loc":{"start":{"line":97,"column":16},"end":{"line":102,"column":null}},"type":"cond-expr","locations":[{"start":{"line":97,"column":16},"end":{"line":102,"column":null}}]},"10":{"loc":{"start":{"line":139,"column":16},"end":{"line":141,"column":null}},"type":"cond-expr","locations":[{"start":{"line":140,"column":20},"end":{"line":140,"column":null}},{"start":{"line":141,"column":20},"end":{"line":141,"column":null}}]},"11":{"loc":{"start":{"line":143,"column":21},"end":{"line":143,"column":null}},"type":"cond-expr","locations":[{"start":{"line":143,"column":32},"end":{"line":143,"column":55}},{"start":{"line":143,"column":55},"end":{"line":143,"column":null}}]},"12":{"loc":{"start":{"line":145,"column":26},"end":{"line":145,"column":48}},"type":"cond-expr","locations":[{"start":{"line":145,"column":26},"end":{"line":145,"column":48}}]},"13":{"loc":{"start":{"line":159,"column":23},"end":{"line":159,"column":null}},"type":"cond-expr","locations":[{"start":{"line":159,"column":37},"end":{"line":159,"column":50}},{"start":{"line":159,"column":50},"end":{"line":159,"column":null}}]},"14":{"loc":{"start":{"line":161,"column":16},"end":{"line":163,"column":null}},"type":"cond-expr","locations":[{"start":{"line":162,"column":20},"end":{"line":162,"column":null}},{"start":{"line":163,"column":20},"end":{"line":163,"column":null}}]},"15":{"loc":{"start":{"line":166,"column":15},"end":{"line":166,"column":null}},"type":"cond-expr","locations":[{"start":{"line":166,"column":29},"end":{"line":166,"column":44}},{"start":{"line":166,"column":44},"end":{"line":166,"column":null}}]},"16":{"loc":{"start":{"line":178,"column":9},"end":{"line":178,"column":null}},"type":"binary-expr","locations":[{"start":{"line":178,"column":9},"end":{"line":178,"column":null}}]},"17":{"loc":{"start":{"line":185,"column":9},"end":{"line":191,"column":33}},"type":"cond-expr","locations":[{"start":{"line":186,"column":10},"end":{"line":190,"column":23}},{"start":{"line":190,"column":10},"end":{"line":191,"column":33}}]},"18":{"loc":{"start":{"line":187,"column":13},"end":{"line":187,"column":null}},"type":"cond-expr","locations":[{"start":{"line":187,"column":27},"end":{"line":187,"column":51}},{"start":{"line":187,"column":51},"end":{"line":187,"column":null}}]},"19":{"loc":{"start":{"line":199,"column":9},"end":{"line":199,"column":21}},"type":"binary-expr","locations":[{"start":{"line":199,"column":9},"end":{"line":199,"column":21}}]}},"s":{"0":0,"1":0,"2":0,"3":0,"4":0,"5":0,"6":0,"7":0,"8":0,"9":0,"10":0,"11":0,"12":0,"13":0,"14":0,"15":0,"16":0,"17":0,"18":0,"19":0,"20":0,"21":0,"22":0,"23":0,"24":0,"25":0,"26":0,"27":0},"f":{"0":0,"1":0,"2":0,"3":0,"4":0,"5":0,"6":0,"7":0,"8":0,"9":0},"b":{"0":[0],"1":[0],"2":[0],"3":[0,0],"4":[0,0],"5":[0,0],"6":[0],"7":[0,0],"8":[0],"9":[0],"10":[0,0],"11":[0,0],"12":[0],"13":[0,0],"14":[0,0],"15":[0,0],"16":[0],"17":[0,0],"18":[0,0],"19":[0]}}
,"C:\\Users\\joshu\\..Project\\Projects\\IngestForge_Repo\\frontend\\src\\components\\Sidebar.tsx": {"path":"C:\\Users\\joshu\\..Project\\Projects\\IngestForge_Repo\\frontend\\src\\components\\Sidebar.tsx","statementMap":{"0":{"start":{"line":101,"column":13},"end":{"line":101,"column":23}},"1":{"start":{"line":3,"column":18},"end":{"line":3,"column":null}},"2":{"start":{"line":4,"column":17},"end":{"line":4,"column":null}},"3":{"start":{"line":5,"column":28},"end":{"line":5,"column":null}},"4":{"start":{"line":27,"column":7},"end":{"line":27,"column":null}},"5":{"start":{"line":28,"column":38},"end":{"line":28,"column":null}},"6":{"start":{"line":29,"column":24},"end":{"line":29,"column":null}},"7":{"start":{"line":32,"column":2},"end":{"line":32,"column":null}},"8":{"start":{"line":42,"column":35},"end":{"line":79,"column":null}},"9":{"start":{"line":82,"column":18},"end":{"line":93,"column":null}},"10":{"start":{"line":96,"column":23},"end":{"line":99,"column":null}},"11":{"start":{"line":101,"column":23},"end":{"line":265,"column":null}},"12":{"start":{"line":102,"column":19},"end":{"line":102,"column":null}},"13":{"start":{"line":103,"column":40},"end":{"line":103,"column":null}},"14":{"start":{"line":104,"column":50},"end":{"line":105,"column":null}},"15":{"start":{"line":105,"column":10},"end":{"line":105,"column":null}},"16":{"start":{"line":108,"column":24},"end":{"line":118,"column":null}},"17":{"start":{"line":109,"column":4},"end":{"line":117,"column":null}},"18":{"start":{"line":110,"column":19},"end":{"line":110,"column":null}},"19":{"start":{"line":111,"column":6},"end":{"line":115,"column":null}},"20":{"start":{"line":112,"column":8},"end":{"line":112,"column":null}},"21":{"start":{"line":114,"column":8},"end":{"line":114,"column":null}},"22":{"start":{"line":116,"column":6},"end":{"line":116,"column":null}},"23":{"start":{"line":120,"column":26},"end":{"line":122,"column":null}},"24":{"start":{"line":121,"column":4},"end":{"line":121,"column":null}},"25":{"start":{"line":121,"column":40},"end":{"line":121,"column":62}},"26":{"start":{"line":128,"column":27},"end":{"line":128,"column":null}},"27":{"start":{"line":129,"column":30},"end":{"line":129,"column":null}},"28":{"start":{"line":131,"column":8},"end":{"line":132,"column":34}},"29":{"start":{"line":134,"column":29},"end":{"line":134,"column":null}},"30":{"start":{"line":157,"column":35},"end":{"line":157,"column":57}},"31":{"start":{"line":158,"column":18},"end":{"line":160,"column":null}},"32":{"start":{"line":192,"column":30},"end":{"line":192,"column":null}},"33":{"start":{"line":193,"column":26},"end":{"line":193,"column":42}},"34":{"start":{"line":194,"column":8},"end":{"line":196,"column":null}},"35":{"start":{"line":236,"column":25},"end":{"line":236,"column":null}}},"fnMap":{"0":{"name":"cn","decl":{"start":{"line":31,"column":9},"end":{"line":31,"column":12}},"loc":{"start":{"line":31,"column":35},"end":{"line":33,"column":null}}},"1":{"name":"(anonymous_3)","decl":{"start":{"line":101,"column":23},"end":{"line":101,"column":null}},"loc":{"start":{"line":101,"column":23},"end":{"line":265,"column":null}}},"2":{"name":"(anonymous_4)","decl":{"start":{"line":105,"column":4},"end":{"line":105,"column":10}},"loc":{"start":{"line":105,"column":10},"end":{"line":105,"column":null}}},"3":{"name":"(anonymous_5)","decl":{"start":{"line":108,"column":24},"end":{"line":108,"column":25}},"loc":{"start":{"line":108,"column":25},"end":{"line":118,"column":null}}},"4":{"name":"(anonymous_6)","decl":{"start":{"line":109,"column":24},"end":{"line":109,"column":25}},"loc":{"start":{"line":109,"column":25},"end":{"line":117,"column":null}}},"5":{"name":"(anonymous_7)","decl":{"start":{"line":120,"column":26},"end":{"line":120,"column":27}},"loc":{"start":{"line":120,"column":27},"end":{"line":122,"column":null}}},"6":{"name":"(anonymous_8)","decl":{"start":{"line":121,"column":30},"end":{"line":121,"column":31}},"loc":{"start":{"line":121,"column":40},"end":{"line":121,"column":62}}},"7":{"name":"(anonymous_10)","decl":{"start":{"line":127,"column":24},"end":{"line":127,"column":25}},"loc":{"start":{"line":127,"column":25},"end":{"line":184,"column":null}}},"8":{"name":"(anonymous_11)","decl":{"start":{"line":134,"column":23},"end":{"line":134,"column":29}},"loc":{"start":{"line":134,"column":29},"end":{"line":134,"column":null}}},"9":{"name":"(anonymous_12)","decl":{"start":{"line":156,"column":35},"end":{"line":156,"column":36}},"loc":{"start":{"line":156,"column":36},"end":{"line":179,"column":null}}},"10":{"name":"(anonymous_14)","decl":{"start":{"line":191,"column":24},"end":{"line":191,"column":25}},"loc":{"start":{"line":191,"column":25},"end":{"line":214,"column":null}}},"11":{"name":"(anonymous_15)","decl":{"start":{"line":236,"column":19},"end":{"line":236,"column":25}},"loc":{"start":{"line":236,"column":25},"end":{"line":236,"column":null}}}},"branchMap":{"0":{"loc":{"start":{"line":111,"column":6},"end":{"line":115,"column":null}},"type":"if","locations":[{"start":{"line":111,"column":6},"end":{"line":115,"column":null}},{"start":{"line":113,"column":13},"end":{"line":115,"column":null}}]},"1":{"loc":{"start":{"line":138,"column":16},"end":{"line":140,"column":null}},"type":"cond-expr","locations":[{"start":{"line":139,"column":20},"end":{"line":139,"column":null}},{"start":{"line":140,"column":20},"end":{"line":140,"column":null}}]},"2":{"loc":{"start":{"line":148,"column":16},"end":{"line":150,"column":17}},"type":"cond-expr","locations":[{"start":{"line":148,"column":16},"end":{"line":150,"column":17}}]},"3":{"loc":{"start":{"line":154,"column":13},"end":{"line":154,"column":null}},"type":"binary-expr","locations":[{"start":{"line":154,"column":13},"end":{"line":154,"column":null}}]},"4":{"loc":{"start":{"line":165,"column":24},"end":{"line":167,"column":null}},"type":"cond-expr","locations":[{"start":{"line":166,"column":28},"end":{"line":166,"column":null}},{"start":{"line":167,"column":28},"end":{"line":167,"column":null}}]},"5":{"loc":{"start":{"line":173,"column":26},"end":{"line":173,"column":null}},"type":"cond-expr","locations":[{"start":{"line":173,"column":37},"end":{"line":173,"column":52}},{"start":{"line":173,"column":52},"end":{"line":173,"column":null}}]},"6":{"loc":{"start":{"line":200,"column":14},"end":{"line":202,"column":null}},"type":"cond-expr","locations":[{"start":{"line":201,"column":18},"end":{"line":201,"column":null}},{"start":{"line":202,"column":18},"end":{"line":202,"column":null}}]},"7":{"loc":{"start":{"line":209,"column":16},"end":{"line":209,"column":null}},"type":"cond-expr","locations":[{"start":{"line":209,"column":32},"end":{"line":209,"column":47}},{"start":{"line":209,"column":47},"end":{"line":209,"column":null}}]},"8":{"loc":{"start":{"line":225,"column":8},"end":{"line":225,"column":72}},"type":"cond-expr","locations":[{"start":{"line":225,"column":22},"end":{"line":225,"column":46}},{"start":{"line":225,"column":49},"end":{"line":225,"column":72}}]},"9":{"loc":{"start":{"line":230,"column":9},"end":{"line":230,"column":null}},"type":"binary-expr","locations":[{"start":{"line":230,"column":9},"end":{"line":230,"column":null}}]},"10":{"loc":{"start":{"line":239,"column":12},"end":{"line":239,"column":null}},"type":"binary-expr","locations":[{"start":{"line":239,"column":12},"end":{"line":239,"column":27}},{"start":{"line":239,"column":27},"end":{"line":239,"column":null}}]},"11":{"loc":{"start":{"line":243,"column":25},"end":{"line":243,"column":47}},"type":"cond-expr","locations":[{"start":{"line":243,"column":25},"end":{"line":243,"column":47}}]},"12":{"loc":{"start":{"line":248,"column":7},"end":{"line":248,"column":null}},"type":"cond-expr","locations":[{"start":{"line":248,"column":21},"end":{"line":248,"column":44}},{"start":{"line":248,"column":44},"end":{"line":248,"column":null}}]},"13":{"loc":{"start":{"line":256,"column":12},"end":{"line":256,"column":null}},"type":"binary-expr","locations":[{"start":{"line":256,"column":12},"end":{"line":256,"column":27}},{"start":{"line":256,"column":27},"end":{"line":256,"column":null}}]},"14":{"loc":{"start":{"line":260,"column":11},"end":{"line":260,"column":27}},"type":"binary-expr","locations":[{"start":{"line":260,"column":11},"end":{"line":260,"column":27}}]}},"s":{"0":0,"1":0,"2":0,"3":0,"4":0,"5":0,"6":0,"7":0,"8":0,"9":0,"10":0,"11":0,"12":0,"13":0,"14":0,"15":0,"16":0,"17":0,"18":0,"19":0,"20":0,"21":0,"22":0,"23":0,"24":0,"25":0,"26":0,"27":0,"28":0,"29":0,"30":0,"31":0,"32":0,"33":0,"34":0,"35":0},"f":{"0":0,"1":0,"2":0,"3":0,"4":0,"5":0,"6":0,"7":0,"8":0,"9":0,"10":0,"11":0},"b":{"0":[0,0],"1":[0,0],"2":[0],"3":[0],"4":[0,0],"5":[0,0],"6":[0,0],"7":[0,0],"8":[0,0],"9":[0],"10":[0,0],"11":[0],"12":[0,0],"13":[0,0],"14":[0]}}
,"C:\\Users\\joshu\\..Project\\Projects\\IngestForge_Repo\\frontend\\src\\components\\ToastProvider.tsx": {"path":"C:\\Users\\joshu\\..Project\\Projects\\IngestForge_Repo\\frontend\\src\\components\\ToastProvider.tsx","statementMap":{"0":{"start":{"line":26,"column":13},"end":{"line":26,"column":26}},"1":{"start":{"line":20,"column":13},"end":{"line":20,"column":21}},"2":{"start":{"line":3,"column":83},"end":{"line":3,"column":null}},"3":{"start":{"line":4,"column":50},"end":{"line":4,"column":null}},"4":{"start":{"line":18,"column":21},"end":{"line":18,"column":null}},"5":{"start":{"line":20,"column":24},"end":{"line":24,"column":null}},"6":{"start":{"line":21,"column":18},"end":{"line":21,"column":null}},"7":{"start":{"line":22,"column":2},"end":{"line":22,"column":null}},"8":{"start":{"line":22,"column":16},"end":{"line":22,"column":null}},"9":{"start":{"line":23,"column":2},"end":{"line":23,"column":null}},"10":{"start":{"line":26,"column":29},"end":{"line":62,"column":null}},"11":{"start":{"line":27,"column":30},"end":{"line":27,"column":null}},"12":{"start":{"line":29,"column":20},"end":{"line":35,"column":null}},"13":{"start":{"line":30,"column":15},"end":{"line":30,"column":null}},"14":{"start":{"line":31,"column":4},"end":{"line":31,"column":null}},"15":{"start":{"line":31,"column":24},"end":{"line":31,"column":null}},"16":{"start":{"line":32,"column":4},"end":{"line":34,"column":null}},"17":{"start":{"line":33,"column":6},"end":{"line":33,"column":null}},"18":{"start":{"line":33,"column":26},"end":{"line":33,"column":null}},"19":{"start":{"line":33,"column":45},"end":{"line":33,"column":null}},"20":{"start":{"line":42,"column":10},"end":{"line":43,"column":null}},"21":{"start":{"line":54,"column":35},"end":{"line":54,"column":null}},"22":{"start":{"line":54,"column":55},"end":{"line":54,"column":null}},"23":{"start":{"line":54,"column":74},"end":{"line":54,"column":91}}},"fnMap":{"0":{"name":"(anonymous_6)","decl":{"start":{"line":20,"column":24},"end":{"line":20,"column":null}},"loc":{"start":{"line":20,"column":24},"end":{"line":24,"column":null}}},"1":{"name":"(anonymous_7)","decl":{"start":{"line":26,"column":29},"end":{"line":26,"column":30}},"loc":{"start":{"line":26,"column":67},"end":{"line":62,"column":null}}},"2":{"name":"(anonymous_8)","decl":{"start":{"line":29,"column":32},"end":{"line":29,"column":33}},"loc":{"start":{"line":29,"column":50},"end":{"line":35,"column":5}}},"3":{"name":"(anonymous_9)","decl":{"start":{"line":31,"column":14},"end":{"line":31,"column":15}},"loc":{"start":{"line":31,"column":24},"end":{"line":31,"column":null}}},"4":{"name":"(anonymous_10)","decl":{"start":{"line":32,"column":15},"end":{"line":32,"column":null}},"loc":{"start":{"line":32,"column":15},"end":{"line":34,"column":7}}},"5":{"name":"(anonymous_11)","decl":{"start":{"line":33,"column":16},"end":{"line":33,"column":17}},"loc":{"start":{"line":33,"column":26},"end":{"line":33,"column":null}}},"6":{"name":"(anonymous_12)","decl":{"start":{"line":33,"column":38},"end":{"line":33,"column":39}},"loc":{"start":{"line":33,"column":45},"end":{"line":33,"column":null}}},"7":{"name":"(anonymous_13)","decl":{"start":{"line":41,"column":20},"end":{"line":41,"column":21}},"loc":{"start":{"line":42,"column":10},"end":{"line":43,"column":null}}},"8":{"name":"(anonymous_14)","decl":{"start":{"line":54,"column":29},"end":{"line":54,"column":35}},"loc":{"start":{"line":54,"column":35},"end":{"line":54,"column":null}}},"9":{"name":"(anonymous_15)","decl":{"start":{"line":54,"column":45},"end":{"line":54,"column":46}},"loc":{"start":{"line":54,"column":55},"end":{"line":54,"column":null}}},"10":{"name":"(anonymous_16)","decl":{"start":{"line":54,"column":67},"end":{"line":54,"column":68}},"loc":{"start":{"line":54,"column":74},"end":{"line":54,"column":91}}}},"branchMap":{"0":{"loc":{"start":{"line":22,"column":2},"end":{"line":22,"column":null}},"type":"if","locations":[{"start":{"line":22,"column":2},"end":{"line":22,"column":null}}]},"1":{"loc":{"start":{"line":45,"column":14},"end":{"line":47,"column":null}},"type":"cond-expr","locations":[{"start":{"line":45,"column":41},"end":{"line":45,"column":null}},{"start":{"line":46,"column":14},"end":{"line":47,"column":null}}]},"2":{"loc":{"start":{"line":46,"column":14},"end":{"line":47,"column":null}},"type":"cond-expr","locations":[{"start":{"line":46,"column":39},"end":{"line":46,"column":null}},{"start":{"line":47,"column":14},"end":{"line":47,"column":null}}]},"3":{"loc":{"start":{"line":50,"column":13},"end":{"line":50,"column":41}},"type":"binary-expr","locations":[{"start":{"line":50,"column":13},"end":{"line":50,"column":41}}]},"4":{"loc":{"start":{"line":51,"column":13},"end":{"line":51,"column":39}},"type":"binary-expr","locations":[{"start":{"line":51,"column":13},"end":{"line":51,"column":39}}]},"5":{"loc":{"start":{"line":52,"column":13},"end":{"line":52,"column":38}},"type":"binary-expr","locations":[{"start":{"line":52,"column":13},"end":{"line":52,"column":38}}]}},"s":{"0":0,"1":0,"2":0,"3":0,"4":0,"5":0,"6":0,"7":0,"8":0,"9":0,"10":0,"11":0,"12":0,"13":0,"14":0,"15":0,"16":0,"17":0,"18":0,"19":0,"20":0,"21":0,"22":0,"23":0},"f":{"0":0,"1":0,"2":0,"3":0,"4":0,"5":0,"6":0,"7":0,"8":0,"9":0,"10":0},"b":{"0":[0],"1":[0,0],"2":[0,0],"3":[0],"4":[0],"5":[0]}}
,"C:\\Users\\joshu\\..Project\\Projects\\IngestForge_Repo\\frontend\\src\\components\\auth\\AuthenticatedLayout.tsx": {"path":"C:\\Users\\joshu\\..Project\\Projects\\IngestForge_Repo\\frontend\\src\\components\\auth\\AuthenticatedLayout.tsx","statementMap":{"0":{"start":{"line":30,"column":13},"end":{"line":30,"column":32}},"1":{"start":{"line":106,"column":0},"end":{"line":106,"column":15}},"2":{"start":{"line":3,"column":33},"end":{"line":3,"column":null}},"3":{"start":{"line":4,"column":28},"end":{"line":4,"column":null}},"4":{"start":{"line":5,"column":24},"end":{"line":5,"column":null}},"5":{"start":{"line":6,"column":23},"end":{"line":6,"column":null}},"6":{"start":{"line":7,"column":31},"end":{"line":7,"column":null}},"7":{"start":{"line":8,"column":47},"end":{"line":8,"column":null}},"8":{"start":{"line":9,"column":47},"end":{"line":9,"column":null}},"9":{"start":{"line":22,"column":22},"end":{"line":22,"column":null}},"10":{"start":{"line":30,"column":71},"end":{"line":104,"column":null}},"11":{"start":{"line":31,"column":19},"end":{"line":31,"column":null}},"12":{"start":{"line":32,"column":19},"end":{"line":32,"column":null}},"13":{"start":{"line":33,"column":20},"end":{"line":33,"column":null}},"14":{"start":{"line":33,"column":46},"end":{"line":33,"column":66}},"15":{"start":{"line":36,"column":24},"end":{"line":36,"column":null}},"16":{"start":{"line":36,"column":54},"end":{"line":36,"column":null}},"17":{"start":{"line":39,"column":2},"end":{"line":69,"column":null}},"18":{"start":{"line":40,"column":24},"end":{"line":66,"column":null}},"19":{"start":{"line":41,"column":6},"end":{"line":65,"column":null}},"20":{"start":{"line":42,"column":27},"end":{"line":42,"column":null}},"21":{"start":{"line":43,"column":8},"end":{"line":61,"column":null}},"22":{"start":{"line":44,"column":25},"end":{"line":44,"column":null}},"23":{"start":{"line":46,"column":10},"end":{"line":58,"column":null}},"24":{"start":{"line":47,"column":12},"end":{"line":52,"column":null}},"25":{"start":{"line":56,"column":12},"end":{"line":56,"column":null}},"26":{"start":{"line":57,"column":12},"end":{"line":57,"column":null}},"27":{"start":{"line":60,"column":10},"end":{"line":60,"column":null}},"28":{"start":{"line":63,"column":8},"end":{"line":63,"column":null}},"29":{"start":{"line":64,"column":8},"end":{"line":64,"column":null}},"30":{"start":{"line":68,"column":4},"end":{"line":68,"column":null}},"31":{"start":{"line":72,"column":16},"end":{"line":72,"column":null}},"32":{"start":{"line":72,"column":42},"end":{"line":72,"column":58}},"33":{"start":{"line":73,"column":15},"end":{"line":73,"column":null}},"34":{"start":{"line":73,"column":41},"end":{"line":73,"column":56}},"35":{"start":{"line":74,"column":22},"end":{"line":74,"column":null}},"36":{"start":{"line":74,"column":48},"end":{"line":74,"column":70}},"37":{"start":{"line":76,"column":2},"end":{"line":85,"column":null}},"38":{"start":{"line":77,"column":4},"end":{"line":84,"column":null}},"39":{"start":{"line":78,"column":6},"end":{"line":80,"column":null}},"40":{"start":{"line":82,"column":11},"end":{"line":84,"column":null}},"41":{"start":{"line":83,"column":6},"end":{"line":83,"column":null}},"42":{"start":{"line":88,"column":2},"end":{"line":90,"column":null}},"43":{"start":{"line":106,"column":15},"end":{"line":106,"column":35}}},"fnMap":{"0":{"name":"(anonymous_6)","decl":{"start":{"line":30,"column":71},"end":{"line":30,"column":72}},"loc":{"start":{"line":30,"column":84},"end":{"line":104,"column":null}}},"1":{"name":"(anonymous_7)","decl":{"start":{"line":33,"column":35},"end":{"line":33,"column":36}},"loc":{"start":{"line":33,"column":46},"end":{"line":33,"column":66}}},"2":{"name":"(anonymous_8)","decl":{"start":{"line":36,"column":43},"end":{"line":36,"column":44}},"loc":{"start":{"line":36,"column":54},"end":{"line":36,"column":null}}},"3":{"name":"(anonymous_9)","decl":{"start":{"line":39,"column":12},"end":{"line":39,"column":null}},"loc":{"start":{"line":39,"column":12},"end":{"line":69,"column":5}}},"4":{"name":"(anonymous_10)","decl":{"start":{"line":40,"column":24},"end":{"line":40,"column":null}},"loc":{"start":{"line":40,"column":24},"end":{"line":66,"column":null}}},"5":{"name":"(anonymous_11)","decl":{"start":{"line":72,"column":31},"end":{"line":72,"column":32}},"loc":{"start":{"line":72,"column":42},"end":{"line":72,"column":58}}},"6":{"name":"(anonymous_12)","decl":{"start":{"line":73,"column":30},"end":{"line":73,"column":31}},"loc":{"start":{"line":73,"column":41},"end":{"line":73,"column":56}}},"7":{"name":"(anonymous_13)","decl":{"start":{"line":74,"column":37},"end":{"line":74,"column":38}},"loc":{"start":{"line":74,"column":48},"end":{"line":74,"column":70}}},"8":{"name":"(anonymous_14)","decl":{"start":{"line":76,"column":12},"end":{"line":76,"column":null}},"loc":{"start":{"line":76,"column":12},"end":{"line":85,"column":5}}}},"branchMap":{"0":{"loc":{"start":{"line":43,"column":8},"end":{"line":61,"column":null}},"type":"if","locations":[{"start":{"line":43,"column":8},"end":{"line":61,"column":null}},{"start":{"line":59,"column":15},"end":{"line":61,"column":null}}]},"1":{"loc":{"start":{"line":46,"column":10},"end":{"line":58,"column":null}},"type":"if","locations":[{"start":{"line":46,"column":10},"end":{"line":58,"column":null}},{"start":{"line":54,"column":17},"end":{"line":58,"column":null}}]},"2":{"loc":{"start":{"line":46,"column":14},"end":{"line":46,"column":67}},"type":"binary-expr","locations":[{"start":{"line":46,"column":14},"end":{"line":46,"column":32}},{"start":{"line":46,"column":36},"end":{"line":46,"column":67}}]},"3":{"loc":{"start":{"line":77,"column":4},"end":{"line":84,"column":null}},"type":"if","locations":[{"start":{"line":77,"column":4},"end":{"line":84,"column":null}},{"start":{"line":82,"column":11},"end":{"line":84,"column":null}}]},"4":{"loc":{"start":{"line":77,"column":8},"end":{"line":77,"column":23}},"type":"binary-expr","locations":[{"start":{"line":77,"column":8},"end":{"line":77,"column":17}},{"start":{"line":77,"column":17},"end":{"line":77,"column":23}}]},"5":{"loc":{"start":{"line":82,"column":11},"end":{"line":84,"column":null}},"type":"if","locations":[{"start":{"line":82,"column":11},"end":{"line":84,"column":null}}]},"6":{"loc":{"start":{"line":88,"column":2},"end":{"line":90,"column":null}},"type":"if","locations":[{"start":{"line":88,"column":2},"end":{"line":90,"column":null}}]}},"s":{"0":0,"1":0,"2":0,"3":0,"4":0,"5":0,"6":0,"7":0,"8":0,"9":0,"10":0,"11":0,"12":0,"13":0,"14":0,"15":0,"16":0,"17":0,"18":0,"19":0,"20":0,"21":0,"22":0,"23":0,"24":0,"25":0,"26":0,"27":0,"28":0,"29":0,"30":0,"31":0,"32":0,"33":0,"34":0,"35":0,"36":0,"37":0,"38":0,"39":0,"40":0,"41":0,"42":0,"43":0},"f":{"0":0,"1":0,"2":0,"3":0,"4":0,"5":0,"6":0,"7":0,"8":0},"b":{"0":[0,0],"1":[0,0],"2":[0,0],"3":[0,0],"4":[0,0],"5":[0],"6":[0]}}
,"C:\\Users\\joshu\\..Project\\Projects\\IngestForge_Repo\\frontend\\src\\components\\auth\\ProtectedRoute.tsx": {"path":"C:\\Users\\joshu\\..Project\\Projects\\IngestForge_Repo\\frontend\\src\\components\\auth\\ProtectedRoute.tsx","statementMap":{"0":{"start":{"line":97,"column":13},"end":{"line":97,"column":27}},"1":{"start":{"line":152,"column":0},"end":{"line":152,"column":15}},"2":{"start":{"line":3,"column":33},"end":{"line":3,"column":null}},"3":{"start":{"line":4,"column":26},"end":{"line":4,"column":null}},"4":{"start":{"line":5,"column":31},"end":{"line":5,"column":null}},"5":{"start":{"line":6,"column":67},"end":{"line":6,"column":null}},"6":{"start":{"line":97,"column":61},"end":{"line":150,"column":null}},"7":{"start":{"line":104,"column":17},"end":{"line":104,"column":null}},"8":{"start":{"line":107,"column":16},"end":{"line":107,"column":null}},"9":{"start":{"line":107,"column":42},"end":{"line":107,"column":58}},"10":{"start":{"line":108,"column":26},"end":{"line":108,"column":null}},"11":{"start":{"line":108,"column":52},"end":{"line":108,"column":78}},"12":{"start":{"line":109,"column":20},"end":{"line":109,"column":null}},"13":{"start":{"line":109,"column":46},"end":{"line":109,"column":66}},"14":{"start":{"line":110,"column":25},"end":{"line":110,"column":null}},"15":{"start":{"line":111,"column":26},"end":{"line":112,"column":null}},"16":{"start":{"line":112,"column":4},"end":{"line":112,"column":null}},"17":{"start":{"line":116,"column":22},"end":{"line":116,"column":null}},"18":{"start":{"line":118,"column":2},"end":{"line":131,"column":null}},"19":{"start":{"line":120,"column":4},"end":{"line":122,"column":null}},"20":{"start":{"line":121,"column":6},"end":{"line":121,"column":null}},"21":{"start":{"line":125,"column":4},"end":{"line":130,"column":null}},"22":{"start":{"line":127,"column":26},"end":{"line":127,"column":50}},"23":{"start":{"line":128,"column":26},"end":{"line":128,"column":null}},"24":{"start":{"line":129,"column":6},"end":{"line":129,"column":null}},"25":{"start":{"line":134,"column":2},"end":{"line":136,"column":null}},"26":{"start":{"line":139,"column":2},"end":{"line":141,"column":null}},"27":{"start":{"line":144,"column":2},"end":{"line":146,"column":null}},"28":{"start":{"line":152,"column":15},"end":{"line":152,"column":30}}},"fnMap":{"0":{"name":"(anonymous_8)","decl":{"start":{"line":97,"column":61},"end":{"line":97,"column":62}},"loc":{"start":{"line":103,"column":1},"end":{"line":150,"column":null}}},"1":{"name":"(anonymous_9)","decl":{"start":{"line":107,"column":31},"end":{"line":107,"column":32}},"loc":{"start":{"line":107,"column":42},"end":{"line":107,"column":58}}},"2":{"name":"(anonymous_10)","decl":{"start":{"line":108,"column":41},"end":{"line":108,"column":42}},"loc":{"start":{"line":108,"column":52},"end":{"line":108,"column":78}}},"3":{"name":"(anonymous_11)","decl":{"start":{"line":109,"column":35},"end":{"line":109,"column":36}},"loc":{"start":{"line":109,"column":46},"end":{"line":109,"column":66}}},"4":{"name":"(anonymous_12)","decl":{"start":{"line":111,"column":41},"end":{"line":111,"column":42}},"loc":{"start":{"line":112,"column":4},"end":{"line":112,"column":null}}},"5":{"name":"(anonymous_13)","decl":{"start":{"line":118,"column":12},"end":{"line":118,"column":null}},"loc":{"start":{"line":118,"column":12},"end":{"line":131,"column":5}}}},"branchMap":{"0":{"loc":{"start":{"line":102,"column":2},"end":{"line":102,"column":23}},"type":"default-arg","locations":[{"start":{"line":102,"column":15},"end":{"line":102,"column":23}}]},"1":{"loc":{"start":{"line":112,"column":4},"end":{"line":112,"column":null}},"type":"cond-expr","locations":[{"start":{"line":112,"column":20},"end":{"line":112,"column":58}},{"start":{"line":112,"column":58},"end":{"line":112,"column":null}}]},"2":{"loc":{"start":{"line":116,"column":22},"end":{"line":116,"column":null}},"type":"binary-expr","locations":[{"start":{"line":116,"column":22},"end":{"line":116,"column":41}},{"start":{"line":116,"column":41},"end":{"line":116,"column":50}},{"start":{"line":116,"column":50},"end":{"line":116,"column":null}}]},"3":{"loc":{"start":{"line":120,"column":4},"end":{"line":122,"column":null}},"type":"if","locations":[{"start":{"line":120,"column":4},"end":{"line":122,"column":null}}]},"4":{"loc":{"start":{"line":125,"column":4},"end":{"line":130,"column":null}},"type":"if","locations":[{"start":{"line":125,"column":4},"end":{"line":130,"column":null}}]},"5":{"loc":{"start":{"line":128,"column":26},"end":{"line":128,"column":null}},"type":"cond-expr","locations":[{"start":{"line":128,"column":48},"end":{"line":128,"column":107}},{"start":{"line":128,"column":110},"end":{"line":128,"column":null}}]},"6":{"loc":{"start":{"line":134,"column":2},"end":{"line":136,"column":null}},"type":"if","locations":[{"start":{"line":134,"column":2},"end":{"line":136,"column":null}}]},"7":{"loc":{"start":{"line":135,"column":14},"end":{"line":135,"column":null}},"type":"binary-expr","locations":[{"start":{"line":135,"column":14},"end":{"line":135,"column":34}},{"start":{"line":135,"column":34},"end":{"line":135,"column":null}}]},"8":{"loc":{"start":{"line":139,"column":2},"end":{"line":141,"column":null}},"type":"if","locations":[{"start":{"line":139,"column":2},"end":{"line":141,"column":null}}]},"9":{"loc":{"start":{"line":140,"column":14},"end":{"line":140,"column":null}},"type":"binary-expr","locations":[{"start":{"line":140,"column":14},"end":{"line":140,"column":34}},{"start":{"line":140,"column":34},"end":{"line":140,"column":null}}]},"10":{"loc":{"start":{"line":144,"column":2},"end":{"line":146,"column":null}},"type":"if","locations":[{"start":{"line":144,"column":2},"end":{"line":146,"column":null}}]},"11":{"loc":{"start":{"line":144,"column":6},"end":{"line":144,"column":41}},"type":"binary-expr","locations":[{"start":{"line":144,"column":6},"end":{"line":144,"column":23}},{"start":{"line":144,"column":23},"end":{"line":144,"column":41}}]},"12":{"loc":{"start":{"line":145,"column":14},"end":{"line":145,"column":null}},"type":"binary-expr","locations":[{"start":{"line":145,"column":14},"end":{"line":145,"column":39}},{"start":{"line":145,"column":39},"end":{"line":145,"column":null}}]}},"s":{"0":0,"1":0,"2":0,"3":0,"4":0,"5":0,"6":0,"7":0,"8":0,"9":0,"10":0,"11":0,"12":0,"13":0,"14":0,"15":0,"16":0,"17":0,"18":0,"19":0,"20":0,"21":0,"22":0,"23":0,"24":0,"25":0,"26":0,"27":0,"28":0},"f":{"0":0,"1":0,"2":0,"3":0,"4":0,"5":0},"b":{"0":[0],"1":[0,0],"2":[0,0,0],"3":[0],"4":[0],"5":[0,0],"6":[0],"7":[0,0],"8":[0],"9":[0,0],"10":[0],"11":[0,0],"12":[0,0]}}
,"C:\\Users\\joshu\\..Project\\Projects\\IngestForge_Repo\\frontend\\src\\components\\auth\\index.ts": {"path":"C:\\Users\\joshu\\..Project\\Projects\\IngestForge_Repo\\frontend\\src\\components\\auth\\index.ts","statementMap":{"0":{"start":{"line":2,"column":9},"end":{"line":2,"column":67}},"1":{"start":{"line":1,"column":9},"end":{"line":1,"column":57}},"2":{"start":{"line":3,"column":9},"end":{"line":3,"column":null}},"3":{"start":{"line":1,"column":57},"end":{"line":1,"column":null}},"4":{"start":{"line":2,"column":67},"end":{"line":2,"column":null}}},"fnMap":{},"branchMap":{},"s":{"0":0,"1":0,"2":0,"3":0,"4":0},"f":{},"b":{}}
,"C:\\Users\\joshu\\..Project\\Projects\\IngestForge_Repo\\frontend\\src\\components\\discovery\\DiscoveryDashboard.tsx": {"path":"C:\\Users\\joshu\\..Project\\Projects\\IngestForge_Repo\\frontend\\src\\components\\discovery\\DiscoveryDashboard.tsx","statementMap":{"0":{"start":{"line":74,"column":13},"end":{"line":74,"column":31}},"1":{"start":{"line":327,"column":0},"end":{"line":327,"column":15}},"2":{"start":{"line":15,"column":56},"end":{"line":15,"column":null}},"3":{"start":{"line":56,"column":29},"end":{"line":56,"column":null}},"4":{"start":{"line":57,"column":22},"end":{"line":57,"column":null}},"5":{"start":{"line":58,"column":31},"end":{"line":58,"column":null}},"6":{"start":{"line":59,"column":33},"end":{"line":59,"column":40}},"7":{"start":{"line":60,"column":20},"end":{"line":60,"column":null}},"8":{"start":{"line":61,"column":25},"end":{"line":61,"column":30}},"9":{"start":{"line":64,"column":50},"end":{"line":68,"column":null}},"10":{"start":{"line":74,"column":69},"end":{"line":243,"column":null}},"11":{"start":{"line":82,"column":32},"end":{"line":82,"column":null}},"12":{"start":{"line":83,"column":32},"end":{"line":83,"column":null}},"13":{"start":{"line":84,"column":28},"end":{"line":84,"column":null}},"14":{"start":{"line":85,"column":42},"end":{"line":85,"column":null}},"15":{"start":{"line":86,"column":36},"end":{"line":86,"column":null}},"16":{"start":{"line":87,"column":44},"end":{"line":87,"column":null}},"17":{"start":{"line":90,"column":23},"end":{"line":113,"column":null}},"18":{"start":{"line":91,"column":4},"end":{"line":112,"column":null}},"19":{"start":{"line":92,"column":6},"end":{"line":92,"column":null}},"20":{"start":{"line":93,"column":6},"end":{"line":93,"column":null}},"21":{"start":{"line":95,"column":23},"end":{"line":96,"column":null}},"22":{"start":{"line":99,"column":6},"end":{"line":101,"column":null}},"23":{"start":{"line":100,"column":8},"end":{"line":100,"column":null}},"24":{"start":{"line":103,"column":38},"end":{"line":103,"column":null}},"25":{"start":{"line":105,"column":6},"end":{"line":105,"column":null}},"26":{"start":{"line":106,"column":6},"end":{"line":106,"column":null}},"27":{"start":{"line":107,"column":6},"end":{"line":107,"column":null}},"28":{"start":{"line":109,"column":27},"end":{"line":109,"column":null}},"29":{"start":{"line":110,"column":6},"end":{"line":110,"column":null}},"30":{"start":{"line":111,"column":6},"end":{"line":111,"column":null}},"31":{"start":{"line":116,"column":2},"end":{"line":118,"column":null}},"32":{"start":{"line":117,"column":4},"end":{"line":117,"column":null}},"33":{"start":{"line":121,"column":2},"end":{"line":129,"column":null}},"34":{"start":{"line":122,"column":4},"end":{"line":122,"column":null}},"35":{"start":{"line":122,"column":22},"end":{"line":122,"column":null}},"36":{"start":{"line":124,"column":23},"end":{"line":126,"column":null}},"37":{"start":{"line":125,"column":6},"end":{"line":125,"column":null}},"38":{"start":{"line":128,"column":4},"end":{"line":128,"column":null}},"39":{"start":{"line":128,"column":17},"end":{"line":128,"column":null}},"40":{"start":{"line":132,"column":24},"end":{"line":134,"column":null}},"41":{"start":{"line":133,"column":4},"end":{"line":133,"column":null}},"42":{"start":{"line":137,"column":21},"end":{"line":144,"column":null}},"43":{"start":{"line":138,"column":4},"end":{"line":143,"column":null}},"44":{"start":{"line":139,"column":6},"end":{"line":139,"column":null}},"45":{"start":{"line":139,"column":34},"end":{"line":139,"column":null}},"46":{"start":{"line":141,"column":6},"end":{"line":141,"column":null}},"47":{"start":{"line":142,"column":6},"end":{"line":142,"column":null}},"48":{"start":{"line":147,"column":28},"end":{"line":153,"column":null}},"49":{"start":{"line":149,"column":6},"end":{"line":151,"column":null}},"50":{"start":{"line":150,"column":8},"end":{"line":150,"column":null}},"51":{"start":{"line":186,"column":33},"end":{"line":186,"column":63}},"52":{"start":{"line":189,"column":33},"end":{"line":189,"column":62}},"53":{"start":{"line":194,"column":33},"end":{"line":194,"column":59}},"54":{"start":{"line":204,"column":14},"end":{"line":205,"column":null}},"55":{"start":{"line":206,"column":31},"end":{"line":206,"column":null}},"56":{"start":{"line":229,"column":22},"end":{"line":229,"column":null}},"57":{"start":{"line":230,"column":22},"end":{"line":230,"column":null}},"58":{"start":{"line":253,"column":52},"end":{"line":266,"column":null}},"59":{"start":{"line":254,"column":16},"end":{"line":254,"column":null}},"60":{"start":{"line":255,"column":16},"end":{"line":255,"column":40}},"61":{"start":{"line":272,"column":56},"end":{"line":285,"column":null}},"62":{"start":{"line":273,"column":16},"end":{"line":273,"column":null}},"63":{"start":{"line":274,"column":16},"end":{"line":274,"column":40}},"64":{"start":{"line":296,"column":17},"end":{"line":311,"column":null}},"65":{"start":{"line":297,"column":17},"end":{"line":297,"column":25}},"66":{"start":{"line":298,"column":17},"end":{"line":298,"column":25}},"67":{"start":{"line":300,"column":4},"end":{"line":302,"column":null}},"68":{"start":{"line":301,"column":6},"end":{"line":301,"column":null}},"69":{"start":{"line":304,"column":4},"end":{"line":308,"column":null}},"70":{"start":{"line":305,"column":6},"end":{"line":307,"column":null}},"71":{"start":{"line":310,"column":4},"end":{"line":310,"column":null}},"72":{"start":{"line":313,"column":2},"end":{"line":313,"column":null}},"73":{"start":{"line":318,"column":20},"end":{"line":318,"column":null}},"74":{"start":{"line":319,"column":16},"end":{"line":319,"column":null}},"75":{"start":{"line":322,"column":2},"end":{"line":324,"column":null}},"76":{"start":{"line":323,"column":19},"end":{"line":323,"column":null}},"77":{"start":{"line":327,"column":15},"end":{"line":327,"column":34}}},"fnMap":{"0":{"name":"(anonymous_6)","decl":{"start":{"line":74,"column":69},"end":{"line":74,"column":70}},"loc":{"start":{"line":81,"column":1},"end":{"line":243,"column":null}}},"1":{"name":"(anonymous_7)","decl":{"start":{"line":90,"column":35},"end":{"line":90,"column":null}},"loc":{"start":{"line":90,"column":35},"end":{"line":113,"column":5}}},"2":{"name":"(anonymous_8)","decl":{"start":{"line":116,"column":12},"end":{"line":116,"column":null}},"loc":{"start":{"line":116,"column":12},"end":{"line":118,"column":5}}},"3":{"name":"(anonymous_9)","decl":{"start":{"line":121,"column":12},"end":{"line":121,"column":null}},"loc":{"start":{"line":121,"column":12},"end":{"line":129,"column":5}}},"4":{"name":"(anonymous_10)","decl":{"start":{"line":124,"column":35},"end":{"line":124,"column":null}},"loc":{"start":{"line":124,"column":35},"end":{"line":126,"column":7}}},"5":{"name":"(anonymous_11)","decl":{"start":{"line":128,"column":11},"end":{"line":128,"column":17}},"loc":{"start":{"line":128,"column":17},"end":{"line":128,"column":null}}},"6":{"name":"(anonymous_12)","decl":{"start":{"line":132,"column":38},"end":{"line":132,"column":null}},"loc":{"start":{"line":132,"column":38},"end":{"line":134,"column":5}}},"7":{"name":"(anonymous_13)","decl":{"start":{"line":137,"column":33},"end":{"line":137,"column":34}},"loc":{"start":{"line":137,"column":34},"end":{"line":144,"column":5}}},"8":{"name":"(anonymous_14)","decl":{"start":{"line":139,"column":23},"end":{"line":139,"column":24}},"loc":{"start":{"line":139,"column":34},"end":{"line":139,"column":null}}},"9":{"name":"(anonymous_15)","decl":{"start":{"line":148,"column":4},"end":{"line":148,"column":5}},"loc":{"start":{"line":148,"column":5},"end":{"line":152,"column":null}}},"10":{"name":"(anonymous_16)","decl":{"start":{"line":186,"column":27},"end":{"line":186,"column":33}},"loc":{"start":{"line":186,"column":33},"end":{"line":186,"column":63}}},"11":{"name":"(anonymous_17)","decl":{"start":{"line":189,"column":27},"end":{"line":189,"column":33}},"loc":{"start":{"line":189,"column":33},"end":{"line":189,"column":62}}},"12":{"name":"(anonymous_18)","decl":{"start":{"line":194,"column":27},"end":{"line":194,"column":33}},"loc":{"start":{"line":194,"column":33},"end":{"line":194,"column":59}}},"13":{"name":"(anonymous_19)","decl":{"start":{"line":203,"column":58},"end":{"line":203,"column":59}},"loc":{"start":{"line":204,"column":14},"end":{"line":205,"column":null}}},"14":{"name":"(anonymous_20)","decl":{"start":{"line":206,"column":25},"end":{"line":206,"column":31}},"loc":{"start":{"line":206,"column":31},"end":{"line":206,"column":null}}},"15":{"name":"(anonymous_21)","decl":{"start":{"line":228,"column":29},"end":{"line":228,"column":30}},"loc":{"start":{"line":228,"column":30},"end":{"line":231,"column":null}}},"16":{"name":"(anonymous_22)","decl":{"start":{"line":253,"column":52},"end":{"line":253,"column":53}},"loc":{"start":{"line":253,"column":62},"end":{"line":266,"column":null}}},"17":{"name":"(anonymous_23)","decl":{"start":{"line":272,"column":56},"end":{"line":272,"column":57}},"loc":{"start":{"line":272,"column":71},"end":{"line":285,"column":null}}},"18":{"name":"sortIntents","decl":{"start":{"line":291,"column":9},"end":{"line":291,"column":null}},"loc":{"start":{"line":294,"column":27},"end":{"line":314,"column":null}}},"19":{"name":"(anonymous_25)","decl":{"start":{"line":296,"column":35},"end":{"line":296,"column":36}},"loc":{"start":{"line":296,"column":39},"end":{"line":311,"column":null}}},"20":{"name":"formatLinkType","decl":{"start":{"line":316,"column":9},"end":{"line":316,"column":24}},"loc":{"start":{"line":316,"column":40},"end":{"line":325,"column":null}}},"21":{"name":"(anonymous_27)","decl":{"start":{"line":323,"column":9},"end":{"line":323,"column":10}},"loc":{"start":{"line":323,"column":19},"end":{"line":323,"column":null}}}},"branchMap":{"0":{"loc":{"start":{"line":75,"column":2},"end":{"line":75,"column":35}},"type":"default-arg","locations":[{"start":{"line":75,"column":15},"end":{"line":75,"column":35}}]},"1":{"loc":{"start":{"line":76,"column":2},"end":{"line":76,"column":23}},"type":"default-arg","locations":[{"start":{"line":76,"column":10},"end":{"line":76,"column":23}}]},"2":{"loc":{"start":{"line":77,"column":2},"end":{"line":77,"column":40}},"type":"default-arg","locations":[{"start":{"line":77,"column":18},"end":{"line":77,"column":40}}]},"3":{"loc":{"start":{"line":79,"column":2},"end":{"line":79,"column":21}},"type":"default-arg","locations":[{"start":{"line":79,"column":16},"end":{"line":79,"column":21}}]},"4":{"loc":{"start":{"line":80,"column":2},"end":{"line":80,"column":44}},"type":"default-arg","locations":[{"start":{"line":80,"column":20},"end":{"line":80,"column":44}}]},"5":{"loc":{"start":{"line":99,"column":6},"end":{"line":101,"column":null}},"type":"if","locations":[{"start":{"line":99,"column":6},"end":{"line":101,"column":null}}]},"6":{"loc":{"start":{"line":109,"column":27},"end":{"line":109,"column":null}},"type":"cond-expr","locations":[{"start":{"line":109,"column":50},"end":{"line":109,"column":61}},{"start":{"line":109,"column":64},"end":{"line":109,"column":null}}]},"7":{"loc":{"start":{"line":122,"column":4},"end":{"line":122,"column":null}},"type":"if","locations":[{"start":{"line":122,"column":4},"end":{"line":122,"column":null}}]},"8":{"loc":{"start":{"line":138,"column":4},"end":{"line":143,"column":null}},"type":"if","locations":[{"start":{"line":138,"column":4},"end":{"line":143,"column":null}},{"start":{"line":140,"column":11},"end":{"line":143,"column":null}}]},"9":{"loc":{"start":{"line":139,"column":34},"end":{"line":139,"column":null}},"type":"cond-expr","locations":[{"start":{"line":139,"column":51},"end":{"line":139,"column":60}},{"start":{"line":139,"column":60},"end":{"line":139,"column":null}}]},"10":{"loc":{"start":{"line":149,"column":6},"end":{"line":151,"column":null}},"type":"if","locations":[{"start":{"line":149,"column":6},"end":{"line":151,"column":null}}]},"11":{"loc":{"start":{"line":170,"column":7},"end":{"line":170,"column":18}},"type":"binary-expr","locations":[{"start":{"line":170,"column":7},"end":{"line":170,"column":18}}]},"12":{"loc":{"start":{"line":172,"column":7},"end":{"line":172,"column":null}},"type":"binary-expr","locations":[{"start":{"line":172,"column":7},"end":{"line":172,"column":null}}]},"13":{"loc":{"start":{"line":178,"column":7},"end":{"line":178,"column":19}},"type":"binary-expr","locations":[{"start":{"line":178,"column":7},"end":{"line":178,"column":19}},{"start":{"line":178,"column":19},"end":{"line":178,"column":29}},{"start":{"line":178,"column":29},"end":{"line":178,"column":null}}]},"14":{"loc":{"start":{"line":182,"column":7},"end":{"line":182,"column":19}},"type":"binary-expr","locations":[{"start":{"line":182,"column":7},"end":{"line":182,"column":19}},{"start":{"line":182,"column":19},"end":{"line":182,"column":29}},{"start":{"line":182,"column":29},"end":{"line":182,"column":null}}]},"15":{"loc":{"start":{"line":187,"column":26},"end":{"line":187,"column":null}},"type":"binary-expr","locations":[{"start":{"line":187,"column":26},"end":{"line":187,"column":61}},{"start":{"line":187,"column":61},"end":{"line":187,"column":95}}]},"16":{"loc":{"start":{"line":187,"column":61},"end":{"line":187,"column":95}},"type":"cond-expr","locations":[{"start":{"line":187,"column":87},"end":{"line":187,"column":93}},{"start":{"line":187,"column":93},"end":{"line":187,"column":95}}]},"17":{"loc":{"start":{"line":190,"column":24},"end":{"line":190,"column":null}},"type":"binary-expr","locations":[{"start":{"line":190,"column":24},"end":{"line":190,"column":58}},{"start":{"line":190,"column":58},"end":{"line":190,"column":92}}]},"18":{"loc":{"start":{"line":190,"column":58},"end":{"line":190,"column":92}},"type":"cond-expr","locations":[{"start":{"line":190,"column":84},"end":{"line":190,"column":90}},{"start":{"line":190,"column":90},"end":{"line":190,"column":92}}]},"19":{"loc":{"start":{"line":195,"column":28},"end":{"line":195,"column":null}},"type":"binary-expr","locations":[{"start":{"line":195,"column":28},"end":{"line":195,"column":59}},{"start":{"line":195,"column":59},"end":{"line":195,"column":93}}]},"20":{"loc":{"start":{"line":195,"column":59},"end":{"line":195,"column":93}},"type":"cond-expr","locations":[{"start":{"line":195,"column":85},"end":{"line":195,"column":91}},{"start":{"line":195,"column":91},"end":{"line":195,"column":93}}]},"21":{"loc":{"start":{"line":254,"column":16},"end":{"line":254,"column":null}},"type":"cond-expr","locations":[{"start":{"line":254,"column":31},"end":{"line":254,"column":40}},{"start":{"line":254,"column":40},"end":{"line":254,"column":null}}]},"22":{"loc":{"start":{"line":254,"column":40},"end":{"line":254,"column":null}},"type":"cond-expr","locations":[{"start":{"line":254,"column":55},"end":{"line":254,"column":66}},{"start":{"line":254,"column":66},"end":{"line":254,"column":null}}]},"23":{"loc":{"start":{"line":273,"column":16},"end":{"line":273,"column":null}},"type":"cond-expr","locations":[{"start":{"line":273,"column":36},"end":{"line":273,"column":45}},{"start":{"line":273,"column":45},"end":{"line":273,"column":null}}]},"24":{"loc":{"start":{"line":273,"column":45},"end":{"line":273,"column":null}},"type":"cond-expr","locations":[{"start":{"line":273,"column":65},"end":{"line":273,"column":76}},{"start":{"line":273,"column":76},"end":{"line":273,"column":null}}]},"25":{"loc":{"start":{"line":300,"column":4},"end":{"line":302,"column":null}},"type":"if","locations":[{"start":{"line":300,"column":4},"end":{"line":302,"column":null}}]},"26":{"loc":{"start":{"line":300,"column":8},"end":{"line":300,"column":62}},"type":"binary-expr","locations":[{"start":{"line":300,"column":8},"end":{"line":300,"column":36}},{"start":{"line":300,"column":36},"end":{"line":300,"column":62}}]},"27":{"loc":{"start":{"line":301,"column":13},"end":{"line":301,"column":null}},"type":"cond-expr","locations":[{"start":{"line":301,"column":35},"end":{"line":301,"column":49}},{"start":{"line":301,"column":49},"end":{"line":301,"column":null}}]},"28":{"loc":{"start":{"line":304,"column":4},"end":{"line":308,"column":null}},"type":"if","locations":[{"start":{"line":304,"column":4},"end":{"line":308,"column":null}}]},"29":{"loc":{"start":{"line":304,"column":8},"end":{"line":304,"column":62}},"type":"binary-expr","locations":[{"start":{"line":304,"column":8},"end":{"line":304,"column":36}},{"start":{"line":304,"column":36},"end":{"line":304,"column":62}}]},"30":{"loc":{"start":{"line":305,"column":13},"end":{"line":307,"column":null}},"type":"cond-expr","locations":[{"start":{"line":306,"column":10},"end":{"line":306,"column":null}},{"start":{"line":307,"column":10},"end":{"line":307,"column":null}}]}},"s":{"0":0,"1":0,"2":0,"3":0,"4":0,"5":0,"6":0,"7":0,"8":0,"9":0,"10":0,"11":0,"12":0,"13":0,"14":0,"15":0,"16":0,"17":0,"18":0,"19":0,"20":0,"21":0,"22":0,"23":0,"24":0,"25":0,"26":0,"27":0,"28":0,"29":0,"30":0,"31":0,"32":0,"33":0,"34":0,"35":0,"36":0,"37":0,"38":0,"39":0,"40":0,"41":0,"42":0,"43":0,"44":0,"45":0,"46":0,"47":0,"48":0,"49":0,"50":0,"51":0,"52":0,"53":0,"54":0,"55":0,"56":0,"57":0,"58":0,"59":0,"60":0,"61":0,"62":0,"63":0,"64":0,"65":0,"66":0,"67":0,"68":0,"69":0,"70":0,"71":0,"72":0,"73":0,"74":0,"75":0,"76":0,"77":0},"f":{"0":0,"1":0,"2":0,"3":0,"4":0,"5":0,"6":0,"7":0,"8":0,"9":0,"10":0,"11":0,"12":0,"13":0,"14":0,"15":0,"16":0,"17":0,"18":0,"19":0,"20":0,"21":0},"b":{"0":[0],"1":[0],"2":[0],"3":[0],"4":[0],"5":[0],"6":[0,0],"7":[0],"8":[0,0],"9":[0,0],"10":[0],"11":[0],"12":[0],"13":[0,0,0],"14":[0,0,0],"15":[0,0],"16":[0,0],"17":[0,0],"18":[0,0],"19":[0,0],"20":[0,0],"21":[0,0],"22":[0,0],"23":[0,0],"24":[0,0],"25":[0],"26":[0,0],"27":[0,0],"28":[0],"29":[0,0],"30":[0,0]}}
,"C:\\Users\\joshu\\..Project\\Projects\\IngestForge_Repo\\frontend\\src\\components\\ingest\\DragDropZone.tsx": {"path":"C:\\Users\\joshu\\..Project\\Projects\\IngestForge_Repo\\frontend\\src\\components\\ingest\\DragDropZone.tsx","statementMap":{"0":{"start":{"line":183,"column":16},"end":{"line":183,"column":29}},"1":{"start":{"line":20,"column":44},"end":{"line":20,"column":null}},"2":{"start":{"line":21,"column":70},"end":{"line":21,"column":null}},"3":{"start":{"line":22,"column":44},"end":{"line":22,"column":null}},"4":{"start":{"line":30,"column":18},"end":{"line":30,"column":null}},"5":{"start":{"line":33,"column":22},"end":{"line":33,"column":41}},"6":{"start":{"line":40,"column":29},"end":{"line":74,"column":null}},"7":{"start":{"line":121,"column":2},"end":{"line":121,"column":null}},"8":{"start":{"line":121,"column":19},"end":{"line":121,"column":null}},"9":{"start":{"line":122,"column":12},"end":{"line":122,"column":null}},"10":{"start":{"line":123,"column":16},"end":{"line":123,"column":null}},"11":{"start":{"line":124,"column":12},"end":{"line":124,"column":null}},"12":{"start":{"line":125,"column":2},"end":{"line":125,"column":null}},"13":{"start":{"line":138,"column":2},"end":{"line":153,"column":null}},"14":{"start":{"line":138,"column":40},"end":{"line":153,"column":null}},"15":{"start":{"line":142,"column":6},"end":{"line":151,"column":null}},"16":{"start":{"line":144,"column":10},"end":{"line":144,"column":null}},"17":{"start":{"line":146,"column":10},"end":{"line":146,"column":null}},"18":{"start":{"line":148,"column":10},"end":{"line":148,"column":null}},"19":{"start":{"line":150,"column":10},"end":{"line":150,"column":null}},"20":{"start":{"line":195,"column":17},"end":{"line":208,"column":null}},"21":{"start":{"line":198,"column":6},"end":{"line":201,"column":null}},"22":{"start":{"line":199,"column":23},"end":{"line":199,"column":null}},"23":{"start":{"line":200,"column":8},"end":{"line":200,"column":null}},"24":{"start":{"line":204,"column":6},"end":{"line":206,"column":null}},"25":{"start":{"line":205,"column":8},"end":{"line":205,"column":null}},"26":{"start":{"line":211,"column":43},"end":{"line":239,"column":null}},"27":{"start":{"line":212,"column":11},"end":{"line":238,"column":null}},"28":{"start":{"line":242,"column":70},"end":{"line":242,"column":null}}},"fnMap":{"0":{"name":"formatFileSize","decl":{"start":{"line":120,"column":9},"end":{"line":120,"column":24}},"loc":{"start":{"line":120,"column":37},"end":{"line":126,"column":null}}},"1":{"name":"convertRejections","decl":{"start":{"line":137,"column":9},"end":{"line":137,"column":27}},"loc":{"start":{"line":137,"column":54},"end":{"line":154,"column":null}}},"2":{"name":"(anonymous_6)","decl":{"start":{"line":138,"column":24},"end":{"line":138,"column":25}},"loc":{"start":{"line":138,"column":40},"end":{"line":153,"column":null}}},"3":{"name":"(anonymous_7)","decl":{"start":{"line":140,"column":33},"end":{"line":140,"column":34}},"loc":{"start":{"line":140,"column":34},"end":{"line":152,"column":null}}},"4":{"name":"DragDropZone","decl":{"start":{"line":183,"column":16},"end":{"line":183,"column":29}},"loc":{"start":{"line":190,"column":20},"end":{"line":333,"column":null}}},"5":{"name":"(anonymous_9)","decl":{"start":{"line":196,"column":4},"end":{"line":196,"column":5}},"loc":{"start":{"line":196,"column":28},"end":{"line":207,"column":null}}},"6":{"name":"(anonymous_10)","decl":{"start":{"line":212,"column":4},"end":{"line":212,"column":11}},"loc":{"start":{"line":212,"column":11},"end":{"line":238,"column":null}}}},"branchMap":{"0":{"loc":{"start":{"line":121,"column":2},"end":{"line":121,"column":null}},"type":"if","locations":[{"start":{"line":121,"column":2},"end":{"line":121,"column":null}}]},"1":{"loc":{"start":{"line":142,"column":6},"end":{"line":151,"column":null}},"type":"switch","locations":[{"start":{"line":143,"column":8},"end":{"line":144,"column":null}},{"start":{"line":145,"column":8},"end":{"line":146,"column":null}},{"start":{"line":147,"column":8},"end":{"line":148,"column":null}},{"start":{"line":149,"column":8},"end":{"line":150,"column":null}}]},"2":{"loc":{"start":{"line":146,"column":43},"end":{"line":146,"column":108}},"type":"binary-expr","locations":[{"start":{"line":146,"column":43},"end":{"line":146,"column":98}},{"start":{"line":146,"column":98},"end":{"line":146,"column":108}}]},"3":{"loc":{"start":{"line":186,"column":2},"end":{"line":186,"column":22}},"type":"default-arg","locations":[{"start":{"line":186,"column":13},"end":{"line":186,"column":22}}]},"4":{"loc":{"start":{"line":187,"column":2},"end":{"line":187,"column":25}},"type":"default-arg","locations":[{"start":{"line":187,"column":12},"end":{"line":187,"column":25}}]},"5":{"loc":{"start":{"line":188,"column":2},"end":{"line":188,"column":21}},"type":"default-arg","locations":[{"start":{"line":188,"column":16},"end":{"line":188,"column":21}}]},"6":{"loc":{"start":{"line":189,"column":2},"end":{"line":189,"column":16}},"type":"default-arg","locations":[{"start":{"line":189,"column":14},"end":{"line":189,"column":16}}]},"7":{"loc":{"start":{"line":198,"column":6},"end":{"line":201,"column":null}},"type":"if","locations":[{"start":{"line":198,"column":6},"end":{"line":201,"column":null}}]},"8":{"loc":{"start":{"line":198,"column":10},"end":{"line":198,"column":58}},"type":"binary-expr","locations":[{"start":{"line":198,"column":10},"end":{"line":198,"column":39}},{"start":{"line":198,"column":39},"end":{"line":198,"column":58}}]},"9":{"loc":{"start":{"line":204,"column":6},"end":{"line":206,"column":null}},"type":"if","locations":[{"start":{"l
[...]
l}}]},"8":{"loc":{"start":{"line":220,"column":6},"end":{"line":220,"column":null}},"type":"if","locations":[{"start":{"line":220,"column":6},"end":{"line":220,"column":null}}]},"9":{"loc":{"start":{"line":250,"column":2},"end":{"line":250,"column":13}},"type":"default-arg","locations":[{"start":{"line":250,"column":10},"end":{"line":250,"column":13}}]},"10":{"loc":{"start":{"line":251,"column":2},"end":{"line":251,"column":14}},"type":"default-arg","locations":[{"start":{"line":251,"column":11},"end":{"line":251,"column":14}}]},"11":{"loc":{"start":{"line":265,"column":4},"end":{"line":265,"column":null}},"type":"if","locations":[{"start":{"line":265,"column":4},"end":{"line":265,"column":null}}]},"12":{"loc":{"start":{"line":265,"column":8},"end":{"line":265,"column":45}},"type":"binary-expr","locations":[{"start":{"line":265,"column":8},"end":{"line":265,"column":23}},{"start":{"line":265,"column":27},"end":{"line":265,"column":45}}]},"13":{"loc":{"start":{"line":339,"column":4},"end":{"line":339,"column":null}},"type":"if","locations":[{"start":{"line":339,"column":4},"end":{"line":339,"column":null}}]},"14":{"loc":{"start":{"line":345,"column":4},"end":{"line":345,"column":null}},"type":"if","locations":[{"start":{"line":345,"column":4},"end":{"line":345,"column":null}}]},"15":{"loc":{"start":{"line":361,"column":2},"end":{"line":365,"column":null}},"type":"if","locations":[{"start":{"line":361,"column":2},"end":{"line":365,"column":null}},{"start":{"line":363,"column":9},"end":{"line":365,"column":null}}]},"16":{"loc":{"start":{"line":367,"column":2},"end":{"line":370,"column":null}},"type":"if","locations":[{"start":{"line":367,"column":2},"end":{"line":370,"column":null}}]},"17":{"loc":{"start":{"line":396,"column":4},"end":{"line":396,"column":null}},"type":"cond-expr","locations":[{"start":{"line":396,"column":47},"end":{"line":396,"column":62}},{"start":{"line":396,"column":62},"end":{"line":396,"column":null}}]},"18":{"loc":{"start":{"line":396,"column":4},"end":{"line":396,"column":47}},"type":"binary-expr","locations":[{"start":{"line":396,"column":4},"end":{"line":396,"column":23}},{"start":{"line":396,"column":23},"end":{"line":396,"column":47}}]},"19":{"loc":{"start":{"line":399,"column":4},"end":{"line":399,"column":null}},"type":"cond-expr","locations":[{"start":{"line":399,"column":47},"end":{"line":399,"column":62}},{"start":{"line":399,"column":62},"end":{"line":399,"column":null}}]},"20":{"loc":{"start":{"line":399,"column":4},"end":{"line":399,"column":47}},"type":"binary-expr","locations":[{"start":{"line":399,"column":4},"end":{"line":399,"column":23}},{"start":{"line":399,"column":23},"end":{"line":399,"column":47}}]},"21":{"loc":{"start":{"line":403,"column":21},"end":{"line":403,"column":74}},"type":"cond-expr","locations":[{"start":{"line":403,"column":52},"end":{"line":403,"column":60}},{"start":{"line":403,"column":63},"end":{"line":403,"column":74}}]},"22":{"loc":{"start":{"line":404,"column":21},"end":{"line":404,"column":74}},"type":"cond-expr","locations":[{"start":{"line":404,"column":52},"end":{"line":404,"column":60}},{"start":{"line":404,"column":63},"end":{"line":404,"column":74}}]},"23":{"loc":{"start":{"line":405,"column":11},"end":{"line":406,"column":null}},"type":"cond-expr","locations":[{"start":{"line":406,"column":8},"end":{"line":406,"column":33}},{"start":{"line":406,"column":33},"end":{"line":406,"column":null}}]},"24":{"loc":{"start":{"line":405,"column":11},"end":{"line":405,"column":null}},"type":"binary-expr","locations":[{"start":{"line":405,"column":11},"end":{"line":405,"column":35}},{"start":{"line":405,"column":35},"end":{"line":405,"column":null}}]},"25":{"loc":{"start":{"line":419,"column":25},"end":{"line":419,"column":37}},"type":"binary-expr","locations":[{"start":{"line":419,"column":25},"end":{"line":419,"column":28}},{"start":{"line":419,"column":32},"end":{"line":419,"column":37}}]},"26":{"loc":{"start":{"line":420,"column":26},"end":{"line":420,"column":38}},"type":"binary-expr","locations":[{"start":{"line":420,"column":26},"end":{"line":420,"column":29}},{"start":{"line":420,"column":33},"end":{"line":420,"column":38}}]},"27":{"loc":{"start":{"line":464,"column":10},"end":{"line":464,"column":null}},"type":"binary-expr","locations":[{"start":{"line":464,"column":11},"end":{"line":464,"column":53}},{"start":{"line":464,"column":58},"end":{"line":464,"column":null}}]}},"s":{"0":0,"1":0,"2":0,"3":0,"4":0,"5":0,"6":0,"7":0,"8":0,"9":0,"10":0,"11":0,"12":0,"13":0,"14":0,"15":0,"16":0,"17":0,"18":0,"19":0,"20":0,"21":0,"22":0,"23":0,"24":0,"25":0,"26":0,"27":0,"28":0,"29":0,"30":0,"31":0,"32":0,"33":0,"34":0,"35":0,"36":0,"37":0,"38":0,"39":0,"40":0,"41":0,"42":0,"43":0,"44":0,"45":0,"46":0,"47":0,"48":0,"49":0,"50":0,"51":0,"52":0,"53":0,"54":0,"55":0,"56":0,"57":0,"58":0,"59":0,"60":0,"61":0,"62":0,"63":0,"64":0,"65":0,"66":0,"67":0,"68":0,"69":0,"70":0,"71":0,"72":0,"73":0,"74":0,"75":0,"76":0,"77":0,"78":0,"79":0,"80":0,"81":0,"82":0,"83":0,"84":0,"85":0,"86":0,"87":0,"88":0,"89":0,"90":0,"91":0,"92":0,"93":0,"94":0,"95":0,"96":0,"97":0,"98":0,"99":0,"100":0,"101":0,"102":0,"103":0,"104":0,"105":0,"106":0,"107":0,"108":0,"109":0,"110":0,"111":0,"112":0,"113":0,"114":0,"115":0,"116":0,"117":0,"118":0,"119":0,"120":0,"121":0,"122":0,"123":0,"124":0,"125":0,"126":0,"127":0,"128":0,"129":0,"130":0,"131":0,"132":0,"133":0,"134":0,"135":0},"f":{"0":0,"1":0,"2":0,"3":0,"4":0,"5":0,"6":0,"7":0,"8":0,"9":0,"10":0,"11":0,"12":0,"13":0,"14":0,"15":0,"16":0,"17":0,"18":0,"19":0,"20":0,"21":0,"22":0,"23":0,"24":0,"25":0,"26":0,"27":0,"28":0,"29":0,"30":0,"31":0,"32":0,"33":0,"34":0,"35":0,"36":0,"37":0,"38":0,"39":0,"40":0,"41":0,"42":0,"43":0,"44":0,"45":0,"46":0,"47":0,"48":0},"b":{"0":[0,0],"1":[0,0],"2":[0,0],"3":[0,0],"4":[0],"5":[0,0],"6":[0,0],"7":[0],"8":[0],"9":[0],"10":[0],"11":[0],"12":[0,0],"13":[0],"14":[0],"15":[0,0],"16":[0],"17":[0,0],"18":[0,0],"19":[0,0],"20":[0,0],"21":[0,0],"22":[0,0],"23":[0,0],"24":[0,0],"25":[0,0],"26":[0,0],"27":[0,0]}}
,"C:\\Users\\joshu\\..Project\\Projects\\IngestForge_Repo\\frontend\\src\\components\\visuals\\KnowledgeMeshEnhanced.tsx": {"path":"C:\\Users\\joshu\\..Project\\Projects\\IngestForge_Repo\\frontend\\src\\components\\visuals\\KnowledgeMeshEnhanced.tsx","statementMap":{"0":{"start":{"line":46,"column":13},"end":{"line":46,"column":34}},"1":{"start":{"line":180,"column":0},"end":{"line":180,"column":15}},"2":{"start":{"line":15,"column":43},"end":{"line":15,"column":null}},"3":{"start":{"line":16,"column":41},"end":{"line":16,"column":null}},"4":{"start":{"line":23,"column":7},"end":{"line":23,"column":null}},"5":{"start":{"line":24,"column":77},"end":{"line":24,"column":null}},"6":{"start":{"line":25,"column":30},"end":{"line":25,"column":null}},"7":{"start":{"line":26,"column":28},"end":{"line":26,"column":null}},"8":{"start":{"line":27,"column":26},"end":{"line":27,"column":null}},"9":{"start":{"line":28,"column":31},"end":{"line":28,"column":null}},"10":{"start":{"line":46,"column":75},"end":{"line":178,"column":null}},"11":{"start":{"line":52,"column":19},"end":{"line":52,"column":null}},"12":{"start":{"line":53,"column":18},"end":{"line":53,"column":null}},"13":{"start":{"line":54,"column":26},"end":{"line":54,"column":null}},"14":{"start":{"line":57,"column":48},"end":{"line":57,"column":null}},"15":{"start":{"line":60,"column":50},"end":{"line":60,"column":null}},"16":{"start":{"line":61,"column":48},"end":{"line":61,"column":null}},"17":{"start":{"line":64,"column":2},"end":{"line":73,"column":null}},"18":{"start":{"line":65,"column":4},"end":{"line":72,"column":null}},"19":{"start":{"line":66,"column":22},"end":{"line":66,"column":null}},"20":{"start":{"line":67,"column":6},"end":{"line":67,"column":null}},"21":{"start":{"line":68,"column":6},"end":{"line":68,"column":null}},"22":{"start":{"line":70,"column":6},"end":{"line":70,"column":null}},"23":{"start":{"line":71,"column":6},"end":{"line":71,"column":null}},"24":{"start":{"line":76,"column":29},"end":{"line":92,"column":null}},"25":{"start":{"line":77,"column":29},"end":{"line":85,"column":null}},"26":{"start":{"line":86,"column":29},"end":{"line":91,"column":null}},"27":{"start":{"line":95,"column":19},"end":{"line":95,"column":null}},"28":{"start":{"line":96,"column":29},"end":{"line":96,"column":50}},"29":{"start":{"line":99,"column":26},"end":{"line":103,"column":null}},"30":{"start":{"line":101,"column":26},"end":{"line":101,"column":82}},"31":{"start":{"line":102,"column":4},"end":{"line":102,"column":null}},"32":{"start":{"line":106,"column":23},"end":{"line":125,"column":null}},"33":{"start":{"line":107,"column":23},"end":{"line":114,"column":null}},"34":{"start":{"line":116,"column":17},"end":{"line":118,"column":null}},"35":{"start":{"line":119,"column":16},"end":{"line":119,"column":null}},"36":{"start":{"line":120,"column":14},"end":{"line":120,"column":null}},"37":{"start":{"line":121,"column":4},"end":{"line":121,"column":null}},"38":{"start":{"line":122,"column":4},"end":{"line":122,"column":null}},"39":{"start":{"line":123,"column":4},"end":{"line":123,"column":null}},"40":{"start":{"line":124,"column":4},"end":{"line":124,"column":null}},"41":{"start":{"line":127,"column":2},"end":{"line":133,"column":null}},"42":{"start":{"line":146,"column":34},"end":{"line":146,"column":null}},"43":{"start":{"line":180,"column":15},"end":{"line":180,"column":37}}},"fnMap":{"0":{"name":"(anonymous_6)","decl":{"start":{"line":46,"column":75},"end":{"line":46,"column":76}},"loc":{"start":{"line":51,"column":1},"end":{"line":178,"column":null}}},"1":{"name":"(anonymous_7)","decl":{"start":{"line":64,"column":12},"end":{"line":64,"column":null}},"loc":{"start":{"line":64,"column":12},"end":{"line":73,"column":5}}},"2":{"name":"(anonymous_8)","decl":{"start":{"line":77,"column":21},"end":{"line":77,"column":22}},"loc":{"start":{"line":77,"column":29},"end":{"line":85,"column":null}}},"3":{"name":"(anonymous_9)","decl":{"start":{"line":86,"column":21},"end":{"line":86,"column":22}},"loc":{"start":{"line":86,"column":29},"end":{"line":91,"column":null}}},"4":{"name":"(anonymous_10)","decl":{"start":{"line":99,"column":26},"end":{"line":99,"column":27}},"loc":{"start":{"line":99,"column":43},"end":{"line":103,"column":null}}},"5":{"name":"(anonymous_11)","decl":{"start":{"line":106,"column":23},"end":{"line":106,"column":null}},"loc":{"start":{"line":106,"column":23},"end":{"line":125,"column":null}}},"6":{"name":"(anonymous_12)","decl":{"start":{"line":146,"column":28},"end":{"line":146,"column":34}},"loc":{"start":{"line":146,"column":34},"end":{"line":146,"column":null}}}},"branchMap":{"0":{"loc":{"start":{"line":47,"column":2},"end":{"line":47,"column":14}},"type":"default-arg","locations":[{"start":{"line":47,"column":10},"end":{"line":47,"column":14}}]},"1":{"loc":{"start":{"line":48,"column":2},"end":{"line":48,"column":14}},"type":"default-arg","locations":[{"start":{"line":48,"column":11},"end":{"line":48,"column":14}}]},"2":{"loc":{"start":{"line":49,"column":2},"end":{"line":49,"column":16}},"type":"default-arg","locations":[{"start":{"line":49,"column":13},"end":{"line":49,"column":16}}]},"3":{"loc":{"start":{"line":50,"column":2},"end":{"line":50,"column":16}},"type":"default-arg","locations":[{"start":{"line":50,"column":14},"end":{"line":50,"column":16}}]},"4":{"loc":{"start":{"line":65,"column":4},"end":{"line":72,"column":null}},"type":"if","locations":[{"start":{"line":65,"column":4},"end":{"line":72,"column":null}},{"start":{"line":69,"column":11},"end":{"line":72,"column":null}}]},"5":{"loc":{"start":{"line":101,"column":26},"end":{"line":101,"column":82}},"type":"binary-expr","locations":[{"start":{"line":101,"column":26},"end":{"line":101,"column":38}},{"start":{"line":101,"column":42},"end":{"line":101,"column":82}}]},"6":{"loc":{"start":{"line":127,"column":2},"end":{"line":133,"column":null}},"type":"if","locations":[{"start":{"line":127,"column":2},"end":{"line":133,"column":null}}]},"7":{"loc":{"start":{"line":151,"column":7},"end":{"line":151,"column":null}},"type":"binary-expr","locations":[{"start":{"line":151,"column":7},"end":{"line":151,"column":null}}]},"8":{"loc":{"start":{"line":169,"column":7},"end":{"line":169,"column":null}},"type":"binary-expr","locations":[{"start":{"line":169,"column":7},"end":{"line":169,"column":null}}]}},"s":{"0":0,"1":0,"2":0,"3":0,"4":0,"5":0,"6":0,"7":0,"8":0,"9":0,"10":0,"11":0,"12":0,"13":0,"14":0,"15":0,"16":0,"17":0,"18":0,"19":0,"20":0,"21":0,"22":0,"23":0,"24":0,"25":0,"26":0,"27":0,"28":0,"29":0,"30":0,"31":0,"32":0,"33":0,"34":0,"35":0,"36":0,"37":0,"38":0,"39":0,"40":0,"41":0,"42":0,"43":0},"f":{"0":0,"1":0,"2":0,"3":0,"4":0,"5":0,"6":0},"b":{"0":[0],"1":[0],"2":[0],"3":[0],"4":[0,0],"5":[0,0],"6":[0],"7":[0],"8":[0]}}
,"C:\\Users\\joshu\\..Project\\Projects\\IngestForge_Repo\\frontend\\src\\components\\visuals\\SearchBar.tsx": {"path":"C:\\Users\\joshu\\..Project\\Projects\\IngestForge_Repo\\frontend\\src\\components\\visuals\\SearchBar.tsx","statementMap":{"0":{"start":{"line":38,"column":13},"end":{"line":38,"column":22}},"1":{"start":{"line":134,"column":0},"end":{"line":134,"column":15}},"2":{"start":{"line":14,"column":43},"end":{"line":14,"column":null}},"3":{"start":{"line":15,"column":41},"end":{"line":15,"column":null}},"4":{"start":{"line":20,"column":7},"end":{"line":20,"column":null}},"5":{"start":{"line":21,"column":25},"end":{"line":21,"column":null}},"6":{"start":{"line":38,"column":51},"end":{"line":132,"column":null}},"7":{"start":{"line":44,"column":19},"end":{"line":44,"column":null}},"8":{"start":{"line":45,"column":18},"end":{"line":45,"column":null}},"9":{"start":{"line":46,"column":38},"end":{"line":46,"column":null}},"10":{"start":{"line":49,"column":2},"end":{"line":58,"column":null}},"11":{"start":{"line":50,"column":28},"end":{"line":55,"column":null}},"12":{"start":{"line":51,"column":6},"end":{"line":51,"column":null}},"13":{"start":{"line":52,"column":6},"end":{"line":54,"column":null}},"14":{"start":{"line":53,"column":8},"end":{"line":53,"column":null}},"15":{"start":{"line":57,"column":4},"end":{"line":57,"column":null}},"16":{"start":{"line":60,"column":22},"end":{"line":64,"column":null}},"17":{"start":{"line":61,"column":4},"end":{"line":61,"column":null}},"18":{"start":{"line":62,"column":4},"end":{"line":62,"column":null}},"19":{"start":{"line":63,"column":4},"end":{"line":63,"column":null}},"20":{"start":{"line":93,"column":27},"end":{"line":93,"column":null}},"21":{"start":{"line":134,"column":15},"end":{"line":134,"column":25}}},"fnMap":{"0":{"name":"(anonymous_6)","decl":{"start":{"line":38,"column":51},"end":{"line":38,"column":52}},"loc":{"start":{"line":43,"column":1},"end":{"line":132,"column":null}}},"1":{"name":"(anonymous_7)","decl":{"start":{"line":49,"column":12},"end":{"line":49,"column":null}},"loc":{"start":{"line":49,"column":12},"end":{"line":58,"column":5}}},"2":{"name":"(anonymous_8)","decl":{"start":{"line":50,"column":37},"end":{"line":50,"column":38}},"loc":{"start":{"line":50,"column":38},"end":{"line":55,"column":7}}},"3":{"name":"(anonymous_9)","decl":{"start":{"line":60,"column":22},"end":{"line":60,"column":null}},"loc":{"start":{"line":60,"column":22},"end":{"line":64,"column":null}}},"4":{"name":"(anonymous_10)","decl":{"start":{"line":93,"column":20},"end":{"line":93,"column":21}},"loc":{"start":{"line":93,"column":27},"end":{"line":93,"column":null}}}},"branchMap":{"0":{"loc":{"start":{"line":39,"column":2},"end":{"line":39,"column":16}},"type":"default-arg","locations":[{"start":{"line":39,"column":14},"end":{"line":39,"column":16}}]},"1":{"loc":{"start":{"line":40,"column":2},"end":{"line":40,"column":36}},"type":"default-arg","locations":[{"start":{"line":40,"column":16},"end":{"line":40,"column":36}}]},"2":{"loc":{"start":{"line":41,"column":2},"end":{"line":41,"column":16}},"type":"default-arg","locations":[{"start":{"line":41,"column":15},"end":{"line":41,"column":16}}]},"3":{"loc":{"start":{"line":52,"column":6},"end":{"line":54,"column":null}},"type":"if","locations":[{"start":{"line":52,"column":6},"end":{"line":54,"column":null}}]},"4":{"loc":{"start":{"line":100,"column":9},"end":{"line":100,"column":null}},"type":"binary-expr","locations":[{"start":{"line":100,"column":9},"end":{"line":100,"column":null}}]},"5":{"loc":{"start":{"line":102,"column":31},"end":{"line":102,"column":null}},"type":"cond-expr","locations":[{"start":{"line":102,"column":50},"end":{"line":102,"column":57}},{"start":{"line":102,"column":57},"end":{"line":102,"column":null}}]},"6":{"loc":{"start":{"line":107,"column":9},"end":{"line":107,"column":null}},"type":"binary-expr","locations":[{"start":{"line":107,"column":9},"end":{"line":107,"column":null}}]}},"s":{"0":0,"1":0,"2":0,"3":0,"4":0,"5":0,"6":0,"7":0,"8":0,"9":0,"10":0,"11":0,"12":0,"13":0,"14":0,"15":0,"16":0,"17":0,"18":0,"19":0,"20":0,"21":0},"f":{"0":0,"1":0,"2":0,"3":0,"4":0},"b":{"0":[0],"1":[0],"2":[0],"3":[0],"4":[0],"5":[0,0],"6":[0]}}
,"C:\\Users\\joshu\\..Project\\Projects\\IngestForge_Repo\\frontend\\src\\components\\visuals\\SelectionStats.tsx": {"path":"C:\\Users\\joshu\\..Project\\Projects\\IngestForge_Repo\\frontend\\src\\components\\visuals\\SelectionStats.tsx","statementMap":{"0":{"start":{"line":33,"column":13},"end":{"line":33,"column":27}},"1":{"start":{"line":96,"column":0},"end":{"line":96,"column":15}},"2":{"start":{"line":14,"column":18},"end":{"line":14,"column":null}},"3":{"start":{"line":15,"column":41},"end":{"line":15,"column":null}},"4":{"start":{"line":16,"column":53},"end":{"line":16,"column":null}},"5":{"start":{"line":33,"column":61},"end":{"line":94,"column":null}},"6":{"start":{"line":39,"column":19},"end":{"line":39,"column":null}},"7":{"start":{"line":40,"column":25},"end":{"line":40,"column":null}},"8":{"start":{"line":42,"column":2},"end":{"line":44,"column":null}},"9":{"start":{"line":43,"column":4},"end":{"line":43,"column":null}},"10":{"start":{"line":84,"column":27},"end":{"line":84,"column":null}},"11":{"start":{"line":96,"column":15},"end":{"line":96,"column":30}}},"fnMap":{"0":{"name":"(anonymous_4)","decl":{"start":{"line":33,"column":61},"end":{"line":33,"column":62}},"loc":{"start":{"line":38,"column":1},"end":{"line":94,"column":null}}},"1":{"name":"(anonymous_5)","decl":{"start":{"line":84,"column":21},"end":{"line":84,"column":27}},"loc":{"start":{"line":84,"column":27},"end":{"line":84,"column":null}}}},"branchMap":{"0":{"loc":{"start":{"line":34,"column":2},"end":{"line":34,"column":16}},"type":"default-arg","locations":[{"start":{"line":34,"column":14},"end":{"line":34,"column":16}}]},"1":{"loc":{"start":{"line":35,"column":2},"end":{"line":35,"column":24}},"type":"default-arg","locations":[{"start":{"line":35,"column":23},"end":{"line":35,"column":24}}]},"2":{"loc":{"start":{"line":42,"column":2},"end":{"line":44,"column":null}},"type":"if","locations":[{"start":{"line":42,"column":2},"end":{"line":44,"column":null}}]},"3":{"loc":{"start":{"line":55,"column":13},"end":{"line":55,"column":45}},"type":"cond-expr","locations":[{"start":{"line":55,"column":36},"end":{"line":55,"column":42}},{"start":{"line":55,"column":42},"end":{"line":55,"column":45}}]},"4":{"loc":{"start":{"line":59,"column":13},"end":{"line":59,"column":null}},"type":"cond-expr","locations":[{"start":{"line":59,"column":40},"end":{"line":59,"column":46}},{"start":{"line":59,"column":46},"end":{"line":59,"column":null}}]},"5":{"loc":{"start":{"line":65,"column":11},"end":{"line":65,"column":null}},"type":"binary-expr","locations":[{"start":{"line":65,"column":11},"end":{"line":65,"column":null}}]},"6":{"loc":{"start":{"line":74,"column":11},"end":{"line":74,"column":null}},"type":"binary-expr","locations":[{"start":{"line":74,"column":11},"end":{"line":74,"column":null}}]}},"s":{"0":0,"1":0,"2":0,"3":0,"4":0,"5":0,"6":0,"7":0,"8":0,"9":0,"10":0,"11":0},"f":{"0":0,"1":0},"b":{"0":[0],"1":[0],"2":[0],"3":[0,0],"4":[0,0],"5":[0],"6":[0]}}
}
