TN:
SF:src\components\ClarificationDialog.tsx
FN:107,getClarityColor
FN:119,getClarityIcon
FN:137,(anonymous_10)
FN:167,(anonymous_11)
FN:212,(anonymous_12)
FN:222,(anonymous_13)
FN:294,(anonymous_14)
FN:296,(anonymous_15)
FN:364,useQueryClarification
FN:378,(anonymous_17)
FN:407,(anonymous_18)
FN:422,(anonymous_19)
FN:432,(anonymous_20)
FN:442,(anonymous_21)
FNF:14
FNH:0
FNDA:0,getClarityColor
FNDA:0,getClarityIcon
FNDA:0,(anonymous_10)
FNDA:0,(anonymous_11)
FNDA:0,(anonymous_12)
FNDA:0,(anonymous_13)
FNDA:0,(anonymous_14)
FNDA:0,(anonymous_15)
FNDA:0,useQueryClarification
FNDA:0,(anonymous_17)
FNDA:0,(anonymous_18)
FNDA:0,(anonymous_19)
FNDA:0,(anonymous_20)
FNDA:0,(anonymous_21)
DA:14,0
DA:30,0
DA:108,0
DA:109,0
DA:110,0
DA:137,0
DA:147,0
DA:148,0
DA:149,0
DA:158,0
DA:161,0
DA:167,0
DA:168,0
DA:169,0
DA:170,0
DA:173,0
DA:174,0
DA:176,0
DA:177,0
DA:188,0
DA:189,0
DA:190,0
DA:193,0
DA:196,0
DA:199,0
DA:201,0
DA:202,0
DA:204,0
DA:212,0
DA:213,0
DA:214,0
DA:215,0
DA:222,0
DA:223,0
DA:224,0
DA:225,0
DA:294,0
DA:297,0
DA:364,0
DA:365,0
DA:366,0
DA:367,0
DA:368,0
DA:378,0
DA:383,0
DA:384,0
DA:396,0
DA:397,0
DA:400,0
DA:402,0
DA:403,0
DA:404,0
DA:405,0
DA:406,0
DA:407,0
DA:409,0
DA:412,0
DA:414,0
DA:415,0
DA:422,0
DA:423,0
DA:424,0
DA:425,0
DA:432,0
DA:433,0
DA:434,0
DA:435,0
DA:442,0
DA:443,0
DA:446,0
DA:457,0
LF:71
LH:0
BRDA:108,0,0,0
BRDA:109,1,0,0
BRDA:144,2,0,0
BRDA:168,3,0,0
BRDA:188,4,0,0
BRDA:190,5,0,0
BRDA:190,5,1,0
BRDA:201,6,0,0
BRDA:201,6,1,0
BRDA:287,7,0,0
BRDA:314,8,0,0
BRDA:337,9,0,0
BRDA:337,9,1,0
BRDA:340,10,0,0
BRDA:340,10,1,0
BRDA:364,11,0,0
BRDA:380,12,0,0
BRDA:396,13,0,0
BRDA:402,14,0,0
BRDA:406,15,0,0
BRDA:424,16,0,0
BRDA:434,17,0,0
BRF:22
BRH:0
end_of_record
TN:
SF:src\components\CommandPalette.tsx
FN:25,(anonymous_4)
FN:31,(anonymous_5)
FN:32,(anonymous_6)
FN:33,(anonymous_7)
FN:34,(anonymous_8)
FN:35,(anonymous_9)
FN:36,(anonymous_10)
FN:37,(anonymous_11)
FN:40,(anonymous_12)
FN:41,(anonymous_13)
FN:44,(anonymous_14)
FN:49,(anonymous_15)
FN:65,(anonymous_16)
FN:74,(anonymous_17)
FN:75,(anonymous_18)
FN:78,(anonymous_19)
FNF:16
FNH:0
FNDA:0,(anonymous_4)
FNDA:0,(anonymous_5)
FNDA:0,(anonymous_6)
FNDA:0,(anonymous_7)
FNDA:0,(anonymous_8)
FNDA:0,(anonymous_9)
FNDA:0,(anonymous_10)
FNDA:0,(anonymous_11)
FNDA:0,(anonymous_12)
FNDA:0,(anonymous_13)
FNDA:0,(anonymous_14)
FNDA:0,(anonymous_15)
FNDA:0,(anonymous_16)
FNDA:0,(anonymous_17)
FNDA:0,(anonymous_18)
FNDA:0,(anonymous_19)
DA:3,0
DA:14,0
DA:15,0
DA:25,0
DA:26,0
DA:27,0
DA:28,0
DA:30,0
DA:31,0
DA:32,0
DA:33,0
DA:34,0
DA:35,0
DA:36,0
DA:37,0
DA:40,0
DA:41,0
DA:42,0
DA:43,0
DA:44,0
DA:46,0
DA:48,0
DA:49,0
DA:52,0
DA:65,0
DA:74,0
DA:76,0
DA:78,0
LF:28
LH:0
BRDA:42,0,0,0
BRDA:42,1,0,0
BRDA:42,1,1,0
BRDA:42,1,2,0
BRDA:46,2,0,0
BRDA:52,3,0,0
BRF:6
BRH:0
end_of_record
TN:
SF:src\components\Header.tsx
FN:6,(anonymous_2)
FNF:1
FNH:0
FNDA:0,(anonymous_2)
DA:3,0
DA:4,0
DA:6,0
LF:3
LH:0
BRF:0
BRH:0
end_of_record
TN:
SF:src\components\LogTerminal.tsx
FN:45,LogTerminal
FN:57,(anonymous_7)
FN:65,(anonymous_8)
FN:71,(anonymous_9)
FN:74,(anonymous_10)
FN:118,(anonymous_11)
FN:126,(anonymous_12)
FN:137,(anonymous_13)
FN:190,(anonymous_14)
FN:207,LogLine
FNF:10
FNH:0
FNDA:0,LogTerminal
FNDA:0,(anonymous_7)
FNDA:0,(anonymous_8)
FNDA:0,(anonymous_9)
FNDA:0,(anonymous_10)
FNDA:0,(anonymous_11)
FNDA:0,(anonymous_12)
FNDA:0,(anonymous_13)
FNDA:0,(anonymous_14)
FNDA:0,LogLine
DA:16,0
DA:17,0
DA:21,0
DA:29,0
DA:37,0
DA:45,0
DA:46,0
DA:47,0
DA:48,0
DA:49,0
DA:51,0
DA:57,0
DA:58,0
DA:59,0
DA:64,0
DA:66,0
DA:71,0
DA:72,0
DA:73,0
DA:74,0
DA:75,0
DA:118,0
DA:126,0
DA:137,0
DA:191,0
DA:231,0
LF:26
LH:0
BRDA:45,0,0,0
BRDA:45,1,0,0
BRDA:58,2,0,0
BRDA:58,3,0,0
BRDA:58,3,1,0
BRDA:64,4,0,0
BRDA:64,4,1,0
BRDA:66,5,0,0
BRDA:66,5,1,0
BRDA:72,6,0,0
BRDA:75,7,0,0
BRDA:75,7,1,0
BRDA:88,8,0,0
BRDA:97,9,0,0
BRDA:139,10,0,0
BRDA:139,10,1,0
BRDA:143,11,0,0
BRDA:143,11,1,0
BRDA:145,12,0,0
BRDA:159,13,0,0
BRDA:159,13,1,0
BRDA:161,14,0,0
BRDA:161,14,1,0
BRDA:166,15,0,0
BRDA:166,15,1,0
BRDA:178,16,0,0
BRDA:185,17,0,0
BRDA:185,17,1,0
BRDA:187,18,0,0
BRDA:187,18,1,0
BRDA:199,19,0,0
BRF:31
BRH:0
end_of_record
TN:
SF:src\components\Sidebar.tsx
FN:31,cn
FN:101,(anonymous_3)
FN:105,(anonymous_4)
FN:108,(anonymous_5)
FN:109,(anonymous_6)
FN:120,(anonymous_7)
FN:121,(anonymous_8)
FN:127,(anonymous_10)
FN:134,(anonymous_11)
FN:156,(anonymous_12)
FN:191,(anonymous_14)
FN:236,(anonymous_15)
FNF:12
FNH:0
FNDA:0,cn
FNDA:0,(anonymous_3)
FNDA:0,(anonymous_4)
FNDA:0,(anonymous_5)
FNDA:0,(anonymous_6)
FNDA:0,(anonymous_7)
FNDA:0,(anonymous_8)
FNDA:0,(anonymous_10)
FNDA:0,(anonymous_11)
FNDA:0,(anonymous_12)
FNDA:0,(anonymous_14)
FNDA:0,(anonymous_15)
DA:3,0
DA:4,0
DA:5,0
DA:27,0
DA:28,0
DA:29,0
DA:32,0
DA:42,0
DA:82,0
DA:96,0
DA:101,0
DA:102,0
DA:103,0
DA:104,0
DA:105,0
DA:108,0
DA:109,0
DA:110,0
DA:111,0
DA:112,0
DA:114,0
DA:116,0
DA:120,0
DA:121,0
DA:128,0
DA:129,0
DA:131,0
DA:134,0
DA:157,0
DA:158,0
DA:192,0
DA:193,0
DA:194,0
DA:236,0
LF:34
LH:0
BRDA:111,0,0,0
BRDA:111,0,1,0
BRDA:138,1,0,0
BRDA:138,1,1,0
BRDA:148,2,0,0
BRDA:154,3,0,0
BRDA:165,4,0,0
BRDA:165,4,1,0
BRDA:173,5,0,0
BRDA:173,5,1,0
BRDA:200,6,0,0
BRDA:200,6,1,0
BRDA:209,7,0,0
BRDA:209,7,1,0
BRDA:225,8,0,0
BRDA:225,8,1,0
BRDA:230,9,0,0
BRDA:239,10,0,0
BRDA:239,10,1,0
BRDA:243,11,0,0
BRDA:248,12,0,0
BRDA:248,12,1,0
BRDA:256,13,0,0
BRDA:256,13,1,0
BRDA:260,14,0,0
BRF:25
BRH:0
end_of_record
TN:
SF:src\components\ToastProvider.tsx
FN:20,(anonymous_6)
FN:26,(anonymous_7)
FN:29,(anonymous_8)
FN:31,(anonymous_9)
FN:32,(anonymous_10)
FN:33,(anonymous_11)
FN:33,(anonymous_12)
FN:41,(anonymous_13)
FN:54,(anonymous_14)
FN:54,(anonymous_15)
FN:54,(anonymous_16)
FNF:11
FNH:0
FNDA:0,(anonymous_6)
FNDA:0,(anonymous_7)
FNDA:0,(anonymous_8)
FNDA:0,(anonymous_9)
FNDA:0,(anonymous_10)
FNDA:0,(anonymous_11)
FNDA:0,(anonymous_12)
FNDA:0,(anonymous_13)
FNDA:0,(anonymous_14)
FNDA:0,(anonymous_15)
FNDA:0,(anonymous_16)
DA:3,0
DA:4,0
DA:18,0
DA:20,0
DA:21,0
DA:22,0
DA:23,0
DA:26,0
DA:27,0
DA:29,0
DA:30,0
DA:31,0
DA:32,0
DA:33,0
DA:42,0
DA:54,0
LF:16
LH:0
BRDA:22,0,0,0
BRDA:45,1,0,0
BRDA:45,1,1,0
BRDA:46,2,0,0
BRDA:46,2,1,0
BRDA:50,3,0,0
BRDA:51,4,0,0
BRDA:52,5,0,0
BRF:8
BRH:0
end_of_record
TN:
SF:src\components\auth\AuthenticatedLayout.tsx
FN:30,(anonymous_6)
FN:33,(anonymous_7)
FN:36,(anonymous_8)
FN:39,(anonymous_9)
FN:40,(anonymous_10)
FN:72,(anonymous_11)
FN:73,(anonymous_12)
FN:74,(anonymous_13)
FN:76,(anonymous_14)
FNF:9
FNH:0
FNDA:0,(anonymous_6)
FNDA:0,(anonymous_7)
FNDA:0,(anonymous_8)
FNDA:0,(anonymous_9)
FNDA:0,(anonymous_10)
FNDA:0,(anonymous_11)
FNDA:0,(anonymous_12)
FNDA:0,(anonymous_13)
FNDA:0,(anonymous_14)
DA:3,0
DA:4,0
DA:5,0
DA:6,0
DA:7,0
DA:8,0
DA:9,0
DA:22,0
DA:30,0
DA:31,0
DA:32,0
DA:33,0
DA:36,0
DA:39,0
DA:40,0
DA:41,0
DA:42,0
DA:43,0
DA:44,0
DA:46,0
DA:47,0
DA:56,0
DA:57,0
DA:60,0
DA:63,0
DA:64,0
DA:68,0
DA:72,0
DA:73,0
DA:74,0
DA:76,0
DA:77,0
DA:78,0
DA:82,0
DA:83,0
DA:88,0
DA:106,0
LF:37
LH:0
BRDA:43,0,0,0
BRDA:43,0,1,0
BRDA:46,1,0,0
BRDA:46,1,1,0
BRDA:46,2,0,0
BRDA:46,2,1,0
BRDA:77,3,0,0
BRDA:77,3,1,0
BRDA:77,4,0,0
BRDA:77,4,1,0
BRDA:82,5,0,0
BRDA:88,6,0,0
BRF:12
BRH:0
end_of_record
TN:
SF:src\components\auth\ProtectedRoute.tsx
FN:97,(anonymous_8)
FN:107,(anonymous_9)
FN:108,(anonymous_10)
FN:109,(anonymous_11)
FN:111,(anonymous_12)
FN:118,(anonymous_13)
FNF:6
FNH:0
FNDA:0,(anonymous_8)
FNDA:0,(anonymous_9)
FNDA:0,(anonymous_10)
FNDA:0,(anonymous_11)
FNDA:0,(anonymous_12)
FNDA:0,(anonymous_13)
DA:3,0
DA:4,0
DA:5,0
DA:6,0
DA:97,0
DA:104,0
DA:107,0
DA:108,0
DA:109,0
DA:110,0
DA:111,0
DA:112,0
DA:116,0
DA:118,0
DA:120,0
DA:121,0
DA:125,0
DA:127,0
DA:128,0
DA:129,0
DA:134,0
DA:139,0
DA:144,0
DA:152,0
LF:24
LH:0
BRDA:102,0,0,0
BRDA:112,1,0,0
BRDA:112,1,1,0
BRDA:116,2,0,0
BRDA:116,2,1,0
BRDA:116,2,2,0
BRDA:120,3,0,0
BRDA:125,4,0,0
BRDA:128,5,0,0
BRDA:128,5,1,0
BRDA:134,6,0,0
BRDA:135,7,0,0
BRDA:135,7,1,0
BRDA:139,8,0,0
BRDA:140,9,0,0
BRDA:140,9,1,0
BRDA:144,10,0,0
BRDA:144,11,0,0
BRDA:144,11,1,0
BRDA:145,12,0,0
BRDA:145,12,1,0
BRF:21
BRH:0
end_of_record
TN:
SF:src\components\auth\index.ts
FNF:0
FNH:0
DA:1,0
DA:2,0
DA:3,0
LF:3
LH:0
BRF:0
BRH:0
end_of_record
TN:
SF:src\components\discovery\DiscoveryDashboard.tsx
FN:74,(anonymous_6)
FN:90,(anonymous_7)
FN:116,(anonymous_8)
FN:121,(anonymous_9)
FN:124,(anonymous_10)
FN:128,(anonymous_11)
FN:132,(anonymous_12)
FN:137,(anonymous_13)
FN:139,(anonymous_14)
FN:148,(anonymous_15)
FN:186,(anonymous_16)
FN:189,(anonymous_17)
FN:194,(anonymous_18)
FN:203,(anonymous_19)
FN:206,(anonymous_20)
FN:228,(anonymous_21)
FN:253,(anonymous_22)
FN:272,(anonymous_23)
FN:291,sortIntents
FN:296,(anonymous_25)
FN:316,formatLinkType
FN:323,(anonymous_27)
FNF:22
FNH:0
FNDA:0,(anonymous_6)
FNDA:0,(anonymous_7)
FNDA:0,(anonymous_8)
FNDA:0,(anonymous_9)
FNDA:0,(anonymous_10)
FNDA:0,(anonymous_11)
FNDA:0,(anonymous_12)
FNDA:0,(anonymous_13)
FNDA:0,(anonymous_14)
FNDA:0,(anonymous_15)
FNDA:0,(anonymous_16)
FNDA:0,(anonymous_17)
FNDA:0,(anonymous_18)
FNDA:0,(anonymous_19)
FNDA:0,(anonymous_20)
FNDA:0,(anonymous_21)
FNDA:0,(anonymous_22)
FNDA:0,(anonymous_23)
FNDA:0,sortIntents
FNDA:0,(anonymous_25)
FNDA:0,formatLinkType
FNDA:0,(anonymous_27)
DA:15,0
DA:56,0
DA:57,0
DA:58,0
DA:59,0
DA:60,0
DA:61,0
DA:64,0
DA:74,0
DA:82,0
DA:83,0
DA:84,0
DA:85,0
DA:86,0
DA:87,0
DA:90,0
DA:91,0
DA:92,0
DA:93,0
DA:95,0
DA:99,0
DA:100,0
DA:103,0
DA:105,0
DA:106,0
DA:107,0
DA:109,0
DA:110,0
DA:111,0
DA:116,0
DA:117,0
DA:121,0
DA:122,0
DA:124,0
DA:125,0
DA:128,0
DA:132,0
DA:133,0
DA:137,0
DA:138,0
DA:139,0
DA:141,0
DA:142,0
DA:147,0
DA:149,0
DA:150,0
DA:186,0
DA:189,0
DA:194,0
DA:204,0
DA:206,0
DA:229,0
DA:230,0
DA:253,0
DA:254,0
DA:255,0
DA:272,0
DA:273,0
DA:274,0
DA:296,0
DA:297,0
DA:298,0
DA:300,0
DA:301,0
DA:304,0
DA:305,0
DA:310,0
DA:313,0
DA:318,0
DA:319,0
DA:322,0
DA:323,0
DA:327,0
LF:73
LH:0
BRDA:75,0,0,0
BRDA:76,1,0,0
BRDA:77,2,0,0
BRDA:79,3,0,0
BRDA:80,4,0,0
BRDA:99,5,0,0
BRDA:109,6,0,0
BRDA:109,6,1,0
BRDA:122,7,0,0
BRDA:138,8,0,0
BRDA:138,8,1,0
BRDA:139,9,0,0
BRDA:139,9,1,0
BRDA:149,10,0,0
BRDA:170,11,0,0
BRDA:172,12,0,0
BRDA:178,13,0,0
BRDA:178,13,1,0
BRDA:178,13,2,0
BRDA:182,14,0,0
BRDA:182,14,1,0
BRDA:182,14,2,0
BRDA:187,15,0,0
BRDA:187,15,1,0
BRDA:187,16,0,0
BRDA:187,16,1,0
BRDA:190,17,0,0
BRDA:190,17,1,0
BRDA:190,18,0,0
BRDA:190,18,1,0
BRDA:195,19,0,0
BRDA:195,19,1,0
BRDA:195,20,0,0
BRDA:195,20,1,0
BRDA:254,21,0,0
BRDA:254,21,1,0
BRDA:254,22,0,0
BRDA:254,22,1,0
BRDA:273,23,0,0
BRDA:273,23,1,0
BRDA:273,24,0,0
BRDA:273,24,1,0
BRDA:300,25,0,0
BRDA:300,26,0,0
BRDA:300,26,1,0
BRDA:301,27,0,0
BRDA:301,27,1,0
BRDA:304,28,0,0
BRDA:304,29,0,0
BRDA:304,29,1,0
BRDA:305,30,0,0
BRDA:305,30,1,0
BRF:52
BRH:0
end_of_record
TN:
SF:src\components\ingest\DragDropZone.tsx
FN:120,formatFileSize
FN:137,convertRejections
FN:138,(anonymous_6)
FN:140,(anonymous_7)
FN:183,DragDropZone
FN:196,(anonymous_9)
FN:212,(anonymous_10)
FNF:7
FNH:0
FNDA:0,formatFileSize
FNDA:0,convertRejections
FNDA:0,(anonymous_6)
FNDA:0,(anonymous_7)
FNDA:0,DragDropZone
FNDA:0,(anonymous_9)
FNDA:0,(anonymous_10)
DA:20,0
DA:21,0
DA:22,0
DA:30,0
DA:33,0
DA:40,0
DA:121,0
DA:122,0
DA:123,0
DA:124,0
DA:125,0
DA:138,0
DA:142,0
DA:144,0
DA:146,0
DA:148,0
DA:150,0
DA:183,0
DA:195,0
DA:198,0
DA:199,0
DA:200,0
DA:204,0
DA:205,0
DA:211,0
DA:212,0
DA:242,0
LF:27
LH:0
BRDA:121,0,0,0
BRDA:142,1,0,0
BRDA:142,1,1,0
BRDA:142,1,2,0
BRDA:142,1,3,0
BRDA:146,2,0,0
BRDA:146,2,1,0
BRDA:186,3,0,0
BRDA:187,4,0,0
BRDA:188,5,0,0
BRDA:189,6,0,0
BRDA:198,7,0,0
BRDA:198,8,0,0
BRDA:198,8,1,0
BRDA:204,9,0,0
BRDA:253,10,0,0
BRDA:253,10,1,0
BRDA:253,11,0,0
BRDA:253,11,1,0
BRDA:254,12,0,0
BRDA:254,12,1,0
BRDA:255,13,0,0
BRDA:255,13,1,0
BRDA:275,14,0,0
BRDA:275,14,1,0
BRDA:275,15,0,0
BRDA:275,15,1,0
BRDA:276,16,0,0
BRDA:276,16,1,0
BRDA:277,17,0,0
BRDA:277,17,1,0
BRDA:281,18,0,0
BRDA:287,19,0,0
BRDA:287,19,1,0
BRDA:288,20,0,0
BRDA:288,20,1,0
BRDA:296,21,0,0
BRDA:296,21,1,0
BRDA:298,22,0,0
BRDA:298,22,1,0
BRDA:299,23,0,0
BRDA:299,23,1,0
BRDA:306,24,0,0
BRDA:306,24,1,0
BRDA:323,25,0,0
BRF:45
BRH:0
end_of_record
TN:
SF:src\components\ingest\FileTypeIcon.tsx
FN:103,getFileExtension
FN:115,getFileTypeConfig
FN:137,FileTypeIcon
FN:162,getFileTypeLabel
FNF:4
FNH:4
FNDA:203,getFileExtension
FNDA:203,getFileTypeConfig
FNDA:185,FileTypeIcon
FNDA:18,getFileTypeLabel
DA:15,2
DA:24,2
DA:55,2
DA:104,203
DA:105,203
DA:106,201
DA:116,203
DA:117,203
DA:137,185
DA:142,185
DA:143,185
DA:162,18
DA:163,18
DA:164,18
LF:14
LH:14
BRDA:105,0,0,2
BRDA:117,1,0,203
BRDA:117,1,1,5
BRDA:139,2,0,31
BRDA:140,3,0,184
BRF:5
BRH:5
end_of_record
TN:
SF:src\components\ingest\RemoteSourceModal.tsx
FN:13,(anonymous_4)
FN:21,(anonymous_5)
FN:53,(anonymous_6)
FN:55,(anonymous_7)
FN:68,(anonymous_8)
FNF:5
FNH:0
FNDA:0,(anonymous_4)
FNDA:0,(anonymous_5)
FNDA:0,(anonymous_6)
FNDA:0,(anonymous_7)
FNDA:0,(anonymous_8)
DA:3,0
DA:4,0
DA:5,0
DA:6,0
DA:13,0
DA:14,0
DA:15,0
DA:16,0
DA:17,0
DA:19,0
DA:21,0
DA:22,0
DA:23,0
DA:25,0
DA:26,0
DA:27,0
DA:28,0
DA:30,0
DA:54,0
DA:55,0
DA:68,0
LF:21
LH:0
BRDA:19,0,0,0
BRDA:23,1,0,0
BRDA:57,2,0,0
BRDA:57,2,1,0
BRDA:60,3,0,0
BRDA:60,3,1,0
BRDA:86,4,0,0
BRF:7
BRH:0
end_of_record
TN:
SF:src\components\ingest\StreamingProgress.tsx
FN:33,(anonymous_6)
FN:49,(anonymous_7)
FN:51,(anonymous_8)
FN:61,(anonymous_9)
FN:73,(anonymous_10)
FN:81,(anonymous_11)
FN:88,(anonymous_12)
FN:99,(anonymous_13)
FN:118,(anonymous_14)
FN:122,(anonymous_15)
FN:139,(anonymous_16)
FN:150,(anonymous_17)
FN:154,(anonymous_18)
FN:164,(anonymous_19)
FN:190,(anonymous_20)
FN:213,(anonymous_21)
FN:224,(anonymous_22)
FN:244,(anonymous_23)
FNF:18
FNH:0
FNDA:0,(anonymous_6)
FNDA:0,(anonymous_7)
FNDA:0,(anonymous_8)
FNDA:0,(anonymous_9)
FNDA:0,(anonymous_10)
FNDA:0,(anonymous_11)
FNDA:0,(anonymous_12)
FNDA:0,(anonymous_13)
FNDA:0,(anonymous_14)
FNDA:0,(anonymous_15)
FNDA:0,(anonymous_16)
FNDA:0,(anonymous_17)
FNDA:0,(anonymous_18)
FNDA:0,(anonymous_19)
FNDA:0,(anonymous_20)
FNDA:0,(anonymous_21)
FNDA:0,(anonymous_22)
FNDA:0,(anonymous_23)
DA:8,0
DA:9,0
DA:33,0
DA:39,0
DA:46,0
DA:49,0
DA:50,0
DA:51,0
DA:53,0
DA:54,0
DA:60,0
DA:66,0
DA:67,0
DA:70,0
DA:72,0
DA:73,0
DA:78,0
DA:81,0
DA:85,0
DA:88,0
DA:93,0
DA:94,0
DA:96,0
DA:99,0
DA:103,0
DA:104,0
DA:106,0
DA:110,0
DA:113,0
DA:118,0
DA:119,0
DA:120,0
DA:122,0
DA:128,0
DA:129,0
DA:131,0
DA:132,0
DA:133,0
DA:134,0
DA:138,0
DA:139,0
DA:144,0
DA:145,0
DA:150,0
DA:151,0
DA:152,0
DA:154,0
DA:158,0
DA:159,0
DA:164,0
DA:165,0
DA:166,0
DA:169,0
DA:190,0
DA:191,0
DA:192,0
DA:195,0
DA:213,0
DA:214,0
DA:215,0
DA:225,0
DA:244,0
DA:245,0
DA:246,0
DA:286,0
LF:65
LH:0
BRDA:53,0,0,0
BRDA:66,1,0,0
BRDA:70,2,0,0
BRDA:70,2,1,0
BRDA:70,2,2,0
BRDA:70,2,3,0
BRDA:70,2,4,0
BRDA:93,3,0,0
BRDA:103,4,0,0
BRDA:133,5,0,0
BRDA:138,6,0,0
BRDA:138,6,1,0
BRDA:144,7,0,0
BRDA:145,8,0,0
BRDA:145,8,1,0
BRDA:151,9,0,0
BRDA:158,10,0,0
BRDA:165,11,0,0
BRDA:191,12,0,0
BRDA:203,13,0,0
BRDA:214,14,0,0
BRDA:234,15,0,0
BRDA:234,15,1,0
BRDA:245,16,0,0
BRDA:262,17,0,0
BRDA:277,18,0,0
BRDA:277,18,1,0
BRDA:277,18,2,0
BRF:28
BRH:0
end_of_record
TN:
SF:src\components\ingest\UploadProgress.tsx
FN:118,formatBytes
FN:134,formatSpeed
FN:146,formatETA
FN:161,calculateBatchProgress
FN:163,(anonymous_8)
FN:164,(anonymous_9)
FN:166,(anonymous_10)
FN:168,(anonymous_11)
FN:175,(anonymous_12)
FN:178,(anonymous_13)
FN:198,getStatusIcon
FN:231,FileItem
FN:283,(anonymous_16)
FN:294,(anonymous_17)
FN:303,(anonymous_18)
FN:356,UploadProgress
FN:365,(anonymous_20)
FN:422,(anonymous_21)
FNF:18
FNH:18
FNDA:47,formatBytes
FNDA:29,formatSpeed
FNDA:22,formatETA
FNDA:40,calculateBatchProgress
FNDA:152,(anonymous_8)
FNDA:152,(anonymous_9)
FNDA:152,(anonymous_10)
FNDA:152,(anonymous_11)
FNDA:152,(anonymous_12)
FNDA:22,(anonymous_13)
FNDA:152,getStatusIcon
FNDA:152,FileItem
FNDA:1,(anonymous_16)
FNDA:1,(anonymous_17)
FNDA:1,(anonymous_18)
FNDA:40,UploadProgress
FNDA:40,(anonymous_20)
FNDA:152,(anonymous_21)
DA:20,1
DA:30,1
DA:31,1
DA:119,47
DA:120,46
DA:121,46
DA:122,46
DA:123,46
DA:135,29
DA:147,22
DA:148,2
DA:149,1
DA:162,40
DA:163,152
DA:164,152
DA:166,152
DA:167,40
DA:168,152
DA:172,40
DA:175,152
DA:177,40
DA:178,22
DA:181,40
DA:199,152
DA:283,1
DA:294,1
DA:303,1
DA:356,40
DA:365,40
DA:368,40
DA:423,152
LF:31
LH:31
BRDA:119,0,0,1
BRDA:147,1,0,20
BRDA:148,2,0,1
BRDA:172,3,0,38
BRDA:172,3,1,2
BRDA:175,4,0,152
BRDA:175,4,1,22
BRDA:177,5,0,21
BRDA:177,5,1,19
BRDA:178,6,0,22
BRDA:178,6,1,0
BRDA:199,7,0,104
BRDA:251,8,0,152
BRDA:251,8,1,22
BRDA:259,9,0,152
BRDA:259,9,1,22
BRDA:269,10,0,152
BRDA:281,11,0,152
BRDA:281,11,1,11
BRDA:292,12,0,152
BRDA:292,12,1,22
BRDA:301,13,0,152
BRDA:301,13,1,3
BRDA:320,14,0,11
BRDA:320,14,1,141
BRDA:362,15,0,31
BRDA:368,16,0,2
BRDA:379,17,0,38
BRDA:379,17,1,37
BRDA:404,18,0,9
BRDA:409,19,0,9
BRF:31
BRH:30
end_of_record
TN:
SF:src\components\library\SyncStatusCard.tsx
FN:13,(anonymous_2)
FN:20,(anonymous_3)
FNF:2
FNH:0
FNDA:0,(anonymous_2)
FNDA:0,(anonymous_3)
DA:3,0
DA:4,0
DA:5,0
DA:6,0
DA:13,0
DA:14,0
DA:15,0
DA:17,0
DA:18,0
DA:20,0
DA:21,0
DA:22,0
DA:23,0
DA:25,0
LF:14
LH:0
BRDA:32,0,0,0
BRDA:32,0,1,0
BRDA:33,1,0,0
BRDA:39,2,0,0
BRDA:39,2,1,0
BRDA:52,3,0,0
BRDA:52,3,1,0
BRDA:54,4,0,0
BRDA:54,4,1,0
BRDA:59,5,0,0
BRDA:60,6,0,0
BRDA:60,6,1,0
BRF:12
BRH:0
end_of_record
TN:
SF:src\components\pdf\EvidenceOverlay.tsx
FN:82,(anonymous_6)
FN:99,(anonymous_7)
FN:104,(anonymous_8)
FN:114,(anonymous_9)
FN:151,(anonymous_10)
FN:151,(anonymous_11)
FN:161,(anonymous_12)
FN:162,(anonymous_13)
FN:185,fetchDocumentData
FN:236,handleEntitySelection
FN:243,(anonymous_16)
FN:251,(anonymous_17)
FNF:12
FNH:0
FNDA:0,(anonymous_6)
FNDA:0,(anonymous_7)
FNDA:0,(anonymous_8)
FNDA:0,(anonymous_9)
FNDA:0,(anonymous_10)
FNDA:0,(anonymous_11)
FNDA:0,(anonymous_12)
FNDA:0,(anonymous_13)
FNDA:0,fetchDocumentData
FNDA:0,handleEntitySelection
FNDA:0,(anonymous_16)
FNDA:0,(anonymous_17)
DA:20,0
DA:21,0
DA:22,0
DA:73,0
DA:74,0
DA:75,0
DA:76,0
DA:82,0
DA:90,0
DA:91,0
DA:92,0
DA:93,0
DA:94,0
DA:95,0
DA:96,0
DA:99,0
DA:100,0
DA:104,0
DA:105,0
DA:106,0
DA:108,0
DA:113,0
DA:115,0
DA:116,0
DA:122,0
DA:126,0
DA:151,0
DA:162,0
DA:194,0
DA:195,0
DA:196,0
DA:199,0
DA:202,0
DA:203,0
DA:204,0
DA:207,0
DA:208,0
DA:211,0
DA:214,0
DA:215,0
DA:218,0
DA:219,0
DA:221,0
DA:223,0
DA:224,0
DA:225,0
DA:243,0
DA:245,0
DA:246,0
DA:247,0
DA:251,0
DA:252,0
DA:260,0
DA:263,0
DA:264,0
DA:272,0
DA:281,0
DA:291,0
DA:300,0
DA:310,0
DA:319,0
LF:61
LH:0
BRDA:84,0,0,0
BRDA:85,1,0,0
BRDA:87,2,0,0
BRDA:88,3,0,0
BRDA:105,4,0,0
BRDA:105,4,1,0
BRDA:115,5,0,0
BRDA:115,6,0,0
BRDA:115,6,1,0
BRDA:122,7,0,0
BRDA:126,8,0,0
BRDA:132,9,0,0
BRDA:158,10,0,0
BRDA:158,10,1,0
BRDA:162,11,0,0
BRDA:162,11,1,0
BRDA:164,12,0,0
BRDA:164,12,1,0
BRDA:202,13,0,0
BRDA:214,14,0,0
BRDA:223,15,0,0
BRDA:223,15,1,0
BRDA:245,16,0,0
BRDA:253,17,0,0
BRDA:253,17,1,0
BRDA:263,18,0,0
BRF:26
BRH:0
end_of_record
TN:
SF:src\components\pdf\HighlightCanvas.tsx
FN:62,(anonymous_6)
FN:81,(anonymous_7)
FN:86,(anonymous_8)
FN:92,(anonymous_9)
FN:105,(anonymous_10)
FN:114,(anonymous_11)
FN:160,loadPDF
FN:182,renderPDFPage
FN:211,renderHighlightOverlay
FN:233,(anonymous_15)
FN:250,drawHighlightRect
FN:279,findHighlightAtPoint
FN:288,(anonymous_18)
FN:319,canvasLayerStyle
FNF:14
FNH:0
FNDA:0,(anonymous_6)
FNDA:0,(anonymous_7)
FNDA:0,(anonymous_8)
FNDA:0,(anonymous_9)
FNDA:0,(anonymous_10)
FNDA:0,(anonymous_11)
FNDA:0,loadPDF
FNDA:0,renderPDFPage
FNDA:0,renderHighlightOverlay
FNDA:0,(anonymous_15)
FNDA:0,drawHighlightRect
FNDA:0,findHighlightAtPoint
FNDA:0,(anonymous_18)
FNDA:0,canvasLayerStyle
DA:18,0
DA:19,0
DA:21,0
DA:26,0
DA:53,0
DA:54,0
DA:55,0
DA:56,0
DA:62,0
DA:71,0
DA:72,0
DA:73,0
DA:75,0
DA:76,0
DA:78,0
DA:81,0
DA:82,0
DA:86,0
DA:87,0
DA:88,0
DA:92,0
DA:93,0
DA:94,0
DA:104,0
DA:106,0
DA:108,0
DA:109,0
DA:110,0
DA:113,0
DA:115,0
DA:116,0
DA:165,0
DA:166,0
DA:167,0
DA:168,0
DA:169,0
DA:170,0
DA:172,0
DA:173,0
DA:188,0
DA:189,0
DA:190,0
DA:192,0
DA:193,0
DA:195,0
DA:196,0
DA:198,0
DA:200,0
DA:218,0
DA:220,0
DA:223,0
DA:224,0
DA:226,0
DA:227,0
DA:230,0
DA:233,0
DA:236,0
DA:237,0
DA:238,0
DA:241,0
DA:256,0
DA:259,0
DA:260,0
DA:261,0
DA:264,0
DA:265,0
DA:266,0
DA:267,0
DA:269,0
DA:287,0
DA:288,0
DA:290,0
DA:291,0
DA:293,0
DA:299,0
DA:303,0
DA:310,0
DA:320,0
DA:329,0
LF:79
LH:0
BRDA:64,0,0,0
BRDA:65,1,0,0
BRDA:66,2,0,0
BRDA:67,3,0,0
BRDA:68,4,0,0
BRDA:87,5,0,0
BRDA:87,6,0,0
BRDA:87,6,1,0
BRDA:93,7,0,0
BRDA:93,8,0,0
BRDA:93,8,1,0
BRDA:106,9,0,0
BRDA:106,10,0,0
BRDA:106,10,1,0
BRDA:106,10,2,0
BRDA:115,11,0,0
BRDA:131,12,0,0
BRDA:196,13,0,0
BRDA:227,14,0,0
BRDA:293,15,0,0
BRDA:294,16,0,0
BRDA:294,16,1,0
BRDA:294,16,2,0
BRDA:294,16,3,0
BRDA:325,17,0,0
BRDA:325,17,1,0
BRF:26
BRH:0
end_of_record
TN:
SF:src\components\pdf\PDFViewer.tsx
FN:69,(anonymous_8)
FN:87,(anonymous_9)
FN:92,(anonymous_10)
FN:98,(anonymous_11)
FN:104,(anonymous_12)
FN:171,loadDocument
FN:205,renderPage
FN:245,getPageDimensions
FN:265,validateZoom
FNF:9
FNH:0
FNDA:0,(anonymous_8)
FNDA:0,(anonymous_9)
FNDA:0,(anonymous_10)
FNDA:0,(anonymous_11)
FNDA:0,(anonymous_12)
FNDA:0,loadDocument
FNDA:0,renderPage
FNDA:0,getPageDimensions
FNDA:0,validateZoom
DA:18,0
DA:19,0
DA:53,0
DA:54,0
DA:55,0
DA:56,0
DA:57,0
DA:58,0
DA:61,0
DA:62,0
DA:69,0
DA:78,0
DA:79,0
DA:80,0
DA:81,0
DA:82,0
DA:83,0
DA:84,0
DA:87,0
DA:88,0
DA:92,0
DA:93,0
DA:94,0
DA:98,0
DA:99,0
DA:100,0
DA:104,0
DA:105,0
DA:106,0
DA:179,0
DA:180,0
DA:181,0
DA:183,0
DA:184,0
DA:186,0
DA:187,0
DA:188,0
DA:190,0
DA:191,0
DA:194,0
DA:195,0
DA:196,0
DA:213,0
DA:214,0
DA:215,0
DA:218,0
DA:219,0
DA:221,0
DA:222,0
DA:223,0
DA:227,0
DA:232,0
DA:233,0
DA:235,0
DA:236,0
DA:245,0
DA:250,0
DA:251,0
DA:253,0
DA:265,0
DA:266,0
DA:273,0
DA:282,0
DA:293,0
DA:303,0
DA:312,0
LF:66
LH:0
BRDA:61,0,0,0
BRDA:71,1,0,0
BRDA:73,2,0,0
BRDA:75,3,0,0
BRDA:76,4,0,0
BRDA:93,5,0,0
BRDA:93,6,0,0
BRDA:93,6,1,0
BRDA:99,7,0,0
BRDA:105,8,0,0
BRDA:117,9,0,0
BRDA:122,10,0,0
BRDA:127,11,0,0
BRDA:127,11,1,0
BRDA:190,12,0,0
BRDA:194,13,0,0
BRDA:194,13,1,0
BRDA:222,14,0,0
BRDA:235,15,0,0
BRDA:235,15,1,0
BRF:20
BRH:0
end_of_record
TN:
SF:src\components\research\KnowledgeGraphCanvas.tsx
FN:25,(anonymous_4)
FN:28,(anonymous_5)
FN:44,(anonymous_6)
FN:50,(anonymous_7)
FN:78,(anonymous_8)
FN:89,(anonymous_9)
FN:97,(anonymous_10)
FN:99,(anonymous_11)
FN:100,(anonymous_12)
FN:101,(anonymous_13)
FN:102,(anonymous_14)
FN:104,(anonymous_15)
FN:107,dragstarted
FN:113,dragged
FN:118,dragended
FN:124,(anonymous_19)
FNF:16
FNH:0
FNDA:0,(anonymous_4)
FNDA:0,(anonymous_5)
FNDA:0,(anonymous_6)
FNDA:0,(anonymous_7)
FNDA:0,(anonymous_8)
FNDA:0,(anonymous_9)
FNDA:0,(anonymous_10)
FNDA:0,(anonymous_11)
FNDA:0,(anonymous_12)
FNDA:0,(anonymous_13)
FNDA:0,(anonymous_14)
FNDA:0,(anonymous_15)
FNDA:0,dragstarted
FNDA:0,dragged
FNDA:0,dragended
FNDA:0,(anonymous_19)
DA:3,0
DA:4,0
DA:25,0
DA:26,0
DA:28,0
DA:29,0
DA:31,0
DA:32,0
DA:35,0
DA:36,0
DA:39,0
DA:42,0
DA:44,0
DA:46,0
DA:49,0
DA:50,0
DA:56,0
DA:65,0
DA:76,0
DA:79,0
DA:80,0
DA:81,0
DA:82,0
DA:88,0
DA:89,0
DA:97,0
DA:98,0
DA:99,0
DA:100,0
DA:101,0
DA:102,0
DA:104,0
DA:108,0
DA:109,0
DA:110,0
DA:114,0
DA:115,0
DA:119,0
DA:120,0
DA:121,0
DA:124,0
LF:41
LH:0
BRDA:29,0,0,0
BRDA:29,1,0,0
BRDA:29,1,1,0
BRDA:31,2,0,0
BRDA:31,2,1,0
BRDA:32,3,0,0
BRDA:32,3,1,0
BRDA:79,4,0,0
BRDA:80,5,0,0
BRDA:81,6,0,0
BRDA:108,7,0,0
BRDA:119,8,0,0
BRF:12
BRH:0
end_of_record
TN:
SF:src\components\research\PreviewModal.tsx
FN:12,(anonymous_2)
FN:44,(anonymous_3)
FNF:2
FNH:0
FNDA:0,(anonymous_2)
FNDA:0,(anonymous_3)
DA:3,0
DA:4,0
DA:5,0
DA:12,0
DA:13,0
DA:17,0
DA:45,0
LF:7
LH:0
BRDA:13,0,0,0
BRDA:13,0,1,0
BRDA:17,1,0,0
BRDA:38,2,0,0
BRDA:48,3,0,0
BRDA:48,3,1,0
BRDA:53,4,0,0
BRDA:58,5,0,0
BRDA:58,5,1,0
BRF:9
BRH:0
end_of_record
TN:
SF:src\components\research\ResearchRoadmap.tsx
FN:26,(anonymous_2)
FN:27,(anonymous_3)
FN:47,(anonymous_4)
FNF:3
FNH:0
FNDA:0,(anonymous_2)
FNDA:0,(anonymous_3)
FNDA:0,(anonymous_4)
DA:3,0
DA:11,0
DA:12,0
DA:26,0
DA:27,0
DA:28,0
DA:48,0
LF:7
LH:0
BRDA:61,0,0,0
BRDA:61,0,1,0
BRDA:79,1,0,0
BRF:3
BRH:0
end_of_record
TN:
SF:src\components\research\VerificationShield.tsx
FN:12,(anonymous_2)
FNF:1
FNH:0
FNDA:0,(anonymous_2)
DA:3,0
DA:4,0
DA:12,0
DA:14,0
DA:15,0
DA:16,0
DA:18,0
DA:19,0
DA:20,0
DA:21,0
DA:22,0
DA:23,0
DA:24,0
DA:25,0
LF:14
LH:0
BRDA:18,0,0,0
BRDA:18,0,1,0
BRDA:22,1,0,0
BRDA:30,2,0,0
BRDA:30,2,1,0
BRDA:40,3,0,0
BRDA:40,3,1,0
BRDA:42,4,0,0
BRDA:42,4,1,0
BRF:9
BRH:0
end_of_record
TN:
SF:src\components\settings\PackConfigForm.tsx
FN:12,(anonymous_2)
FN:18,(anonymous_3)
FN:22,(anonymous_4)
FN:39,(anonymous_5)
FN:52,(anonymous_6)
FN:61,(anonymous_7)
FN:68,(anonymous_8)
FNF:7
FNH:0
FNDA:0,(anonymous_2)
FNDA:0,(anonymous_3)
FNDA:0,(anonymous_4)
FNDA:0,(anonymous_5)
FNDA:0,(anonymous_6)
FNDA:0,(anonymous_7)
FNDA:0,(anonymous_8)
DA:3,0
DA:4,0
DA:5,0
DA:6,0
DA:12,0
DA:13,0
DA:14,0
DA:15,0
DA:16,0
DA:18,0
DA:19,0
DA:22,0
DA:23,0
DA:24,0
DA:25,0
DA:26,0
DA:28,0
DA:34,0
DA:40,0
DA:41,0
DA:43,0
DA:52,0
DA:61,0
DA:68,0
LF:24
LH:0
BRDA:19,0,0,0
BRDA:34,1,0,0
BRDA:34,1,1,0
BRDA:41,2,0,0
BRDA:41,3,0,0
BRDA:41,3,1,0
BRDA:51,4,0,0
BRDA:53,5,0,0
BRDA:53,5,1,0
BRDA:55,6,0,0
BRDA:55,6,1,0
BRDA:58,7,0,0
BRDA:60,8,0,0
BRDA:60,8,1,0
BRDA:67,9,0,0
BRDA:67,9,1,0
BRDA:83,10,0,0
BRF:17
BRH:0
end_of_record
TN:
SF:src\components\settings\PerformanceMonitor.tsx
FN:18,(anonymous_2)
FN:25,(anonymous_3)
FN:95,(anonymous_4)
FN:98,(anonymous_5)
FNF:4
FNH:0
FNDA:0,(anonymous_2)
FNDA:0,(anonymous_3)
FNDA:0,(anonymous_4)
FNDA:0,(anonymous_5)
DA:3,0
DA:14,0
DA:15,0
DA:16,0
DA:18,0
DA:19,0
DA:20,0
DA:23,0
DA:25,0
DA:26,0
DA:28,0
DA:29,0
DA:31,0
DA:96,0
DA:98,0
LF:15
LH:0
BRDA:51,0,0,0
BRDA:51,0,1,0
BRDA:68,1,0,0
BRDA:68,1,1,0
BRF:4
BRH:0
end_of_record
TN:
SF:src\components\system\LogTerminal.tsx
FN:13,(anonymous_4)
FN:19,(anonymous_5)
FN:23,(anonymous_6)
FN:26,(anonymous_7)
FN:29,(anonymous_8)
FN:34,(anonymous_9)
FN:40,(anonymous_10)
FN:57,(anonymous_11)
FN:60,(anonymous_12)
FN:70,(anonymous_13)
FNF:10
FNH:0
FNDA:0,(anonymous_4)
FNDA:0,(anonymous_5)
FNDA:0,(anonymous_6)
FNDA:0,(anonymous_7)
FNDA:0,(anonymous_8)
FNDA:0,(anonymous_9)
FNDA:0,(anonymous_10)
FNDA:0,(anonymous_11)
FNDA:0,(anonymous_12)
FNDA:0,(anonymous_13)
DA:3,0
DA:4,0
DA:13,0
DA:14,0
DA:15,0
DA:16,0
DA:17,0
DA:19,0
DA:21,0
DA:23,0
DA:24,0
DA:25,0
DA:26,0
DA:29,0
DA:30,0
DA:34,0
DA:35,0
DA:36,0
DA:40,0
DA:41,0
DA:42,0
DA:43,0
DA:44,0
DA:45,0
DA:57,0
DA:60,0
DA:71,0
LF:27
LH:0
BRDA:24,0,0,0
BRDA:35,1,0,0
BRDA:35,2,0,0
BRDA:35,2,1,0
BRDA:41,3,0,0
BRDA:41,3,1,0
BRDA:41,3,2,0
BRDA:41,3,3,0
BRDA:58,4,0,0
BRDA:78,5,0,0
BRF:10
BRH:0
end_of_record
TN:
SF:src\components\visuals\FilterPanel.tsx
FN:41,(anonymous_4)
FN:82,(anonymous_5)
FN:105,(anonymous_6)
FN:113,(anonymous_7)
FN:132,(anonymous_8)
FN:153,(anonymous_9)
FN:170,(anonymous_10)
FNF:7
FNH:0
FNDA:0,(anonymous_4)
FNDA:0,(anonymous_5)
FNDA:0,(anonymous_6)
FNDA:0,(anonymous_7)
FNDA:0,(anonymous_8)
FNDA:0,(anonymous_9)
FNDA:0,(anonymous_10)
DA:14,0
DA:15,0
DA:25,0
DA:41,0
DA:46,0
DA:47,0
DA:48,0
DA:50,0
DA:58,0
DA:82,0
DA:106,0
DA:113,0
DA:133,0
DA:154,0
DA:170,0
DA:180,0
LF:16
LH:0
BRDA:42,0,0,0
BRDA:43,1,0,0
BRDA:58,2,0,0
BRDA:87,3,0,0
BRF:4
BRH:0
end_of_record
TN:
SF:src\components\visuals\KnowledgeMesh.tsx
FN:99,getNodeColor
FN:104,buildNeighborIds
FN:116,truncateLabel
FN:123,setupZoom
FN:129,(anonymous_14)
FN:130,(anonymous_15)
FN:139,createSimulation
FN:147,(anonymous_17)
FN:156,renderEdges
FN:167,(anonymous_19)
FN:171,renderNodes
FN:188,(anonymous_21)
FN:194,(anonymous_22)
FN:206,createDragBehavior
FN:210,(anonymous_24)
FN:215,(anonymous_25)
FN:219,(anonymous_26)
FN:227,setupTickHandler
FN:232,(anonymous_28)
FN:233,(anonymous_29)
FN:235,(anonymous_30)
FN:236,(anonymous_31)
FN:237,(anonymous_32)
FN:238,(anonymous_33)
FN:239,(anonymous_34)
FN:248,(anonymous_35)
FN:259,(anonymous_36)
FN:264,(anonymous_37)
FN:272,(anonymous_38)
FN:273,(anonymous_39)
FN:287,(anonymous_40)
FN:318,setupNodeHandlers
FN:326,(anonymous_42)
FN:332,(anonymous_43)
FN:338,(anonymous_44)
FN:344,(anonymous_45)
FN:352,handleNodeClick
FN:368,(anonymous_47)
FN:374,resetHighlighting
FN:386,applyHighlighting
FN:395,(anonymous_50)
FN:398,(anonymous_51)
FN:402,(anonymous_52)
FN:411,centerOnNode
FN:428,setupBackgroundClick
FN:434,(anonymous_55)
FN:460,mapEntityArtifactToMesh
FN:461,(anonymous_57)
FN:468,(anonymous_58)
FNF:49
FNH:0
FNDA:0,getNodeColor
FNDA:0,buildNeighborIds
FNDA:0,truncateLabel
FNDA:0,setupZoom
FNDA:0,(anonymous_14)
FNDA:0,(anonymous_15)
FNDA:0,createSimulation
FNDA:0,(anonymous_17)
FNDA:0,renderEdges
FNDA:0,(anonymous_19)
FNDA:0,renderNodes
FNDA:0,(anonymous_21)
FNDA:0,(anonymous_22)
FNDA:0,createDragBehavior
FNDA:0,(anonymous_24)
FNDA:0,(anonymous_25)
FNDA:0,(anonymous_26)
FNDA:0,setupTickHandler
FNDA:0,(anonymous_28)
FNDA:0,(anonymous_29)
FNDA:0,(anonymous_30)
FNDA:0,(anonymous_31)
FNDA:0,(anonymous_32)
FNDA:0,(anonymous_33)
FNDA:0,(anonymous_34)
FNDA:0,(anonymous_35)
FNDA:0,(anonymous_36)
FNDA:0,(anonymous_37)
FNDA:0,(anonymous_38)
FNDA:0,(anonymous_39)
FNDA:0,(anonymous_40)
FNDA:0,setupNodeHandlers
FNDA:0,(anonymous_42)
FNDA:0,(anonymous_43)
FNDA:0,(anonymous_44)
FNDA:0,(anonymous_45)
FNDA:0,handleNodeClick
FNDA:0,(anonymous_47)
FNDA:0,resetHighlighting
FNDA:0,applyHighlighting
FNDA:0,(anonymous_50)
FNDA:0,(anonymous_51)
FNDA:0,(anonymous_52)
FNDA:0,centerOnNode
FNDA:0,setupBackgroundClick
FNDA:0,(anonymous_55)
FNDA:0,mapEntityArtifactToMesh
FNDA:0,(anonymous_57)
FNDA:0,(anonymous_58)
DA:19,0
DA:20,0
DA:74,0
DA:86,0
DA:87,0
DA:88,0
DA:89,0
DA:90,0
DA:91,0
DA:92,0
DA:99,0
DA:100,0
DA:104,0
DA:105,0
DA:106,0
DA:107,0
DA:108,0
DA:109,0
DA:110,0
DA:112,0
DA:116,0
DA:117,0
DA:127,0
DA:130,0
DA:131,0
DA:134,0
DA:135,0
DA:145,0
DA:147,0
DA:160,0
DA:161,0
DA:167,0
DA:176,0
DA:177,0
DA:186,0
DA:188,0
DA:193,0
DA:194,0
DA:202,0
DA:209,0
DA:211,0
DA:212,0
DA:213,0
DA:216,0
DA:217,0
DA:220,0
DA:221,0
DA:222,0
DA:232,0
DA:233,0
DA:234,0
DA:235,0
DA:236,0
DA:237,0
DA:238,0
DA:239,0
DA:248,0
DA:255,0
DA:256,0
DA:258,0
DA:259,0
DA:264,0
DA:265,0
DA:267,0
DA:268,0
DA:269,0
DA:271,0
DA:272,0
DA:273,0
DA:274,0
DA:276,0
DA:277,0
DA:279,0
DA:284,0
DA:285,0
DA:287,0
DA:326,0
DA:327,0
DA:328,0
DA:332,0
DA:333,0
DA:334,0
DA:338,0
DA:339,0
DA:340,0
DA:344,0
DA:345,0
DA:346,0
DA:358,0
DA:359,0
DA:361,0
DA:362,0
DA:364,0
DA:367,0
DA:368,0
DA:369,0
DA:379,0
DA:380,0
DA:381,0
DA:382,0
DA:393,0
DA:395,0
DA:396,0
DA:398,0
DA:399,0
DA:402,0
DA:403,0
DA:404,0
DA:405,0
DA:418,0
DA:419,0
DA:420,0
DA:422,0
DA:434,0
DA:435,0
DA:460,0
DA:461,0
DA:468,0
DA:475,0
DA:478,0
LF:120
LH:0
BRDA:100,0,0,0
BRDA:100,0,1,0
BRDA:107,1,0,0
BRDA:107,1,1,0
BRDA:108,2,0,0
BRDA:108,2,1,0
BRDA:109,3,0,0
BRDA:109,3,1,0
BRDA:110,4,0,0
BRDA:117,5,0,0
BRDA:117,5,1,0
BRDA:167,6,0,0
BRDA:167,6,1,0
BRDA:211,7,0,0
BRDA:220,8,0,0
BRDA:250,9,0,0
BRDA:251,10,0,0
BRDA:265,11,0,0
BRDA:265,12,0,0
BRDA:265,12,1,0
BRDA:339,13,0,0
BRDA:345,14,0,0
BRDA:361,15,0,0
BRDA:361,15,1,0
BRDA:367,16,0,0
BRDA:396,17,0,0
BRDA:396,17,1,0
BRDA:396,18,0,0
BRDA:396,18,1,0
BRDA:399,19,0,0
BRDA:399,19,1,0
BRDA:399,20,0,0
BRDA:399,20,1,0
BRDA:403,21,0,0
BRDA:403,21,1,0
BRDA:404,22,0,0
BRDA:404,22,1,0
BRDA:405,23,0,0
BRDA:405,23,1,0
BRDA:405,24,0,0
BRDA:405,24,1,0
BRDA:419,25,0,0
BRDA:419,25,1,0
BRDA:420,26,0,0
BRDA:420,26,1,0
BRDA:464,27,0,0
BRDA:464,27,1,0
BRF:47
BRH:0
end_of_record
TN:
SF:src\components\visuals\KnowledgeMeshEnhanced.tsx
FN:46,(anonymous_6)
FN:64,(anonymous_7)
FN:77,(anonymous_8)
FN:86,(anonymous_9)
FN:99,(anonymous_10)
FN:106,(anonymous_11)
FN:146,(anonymous_12)
FNF:7
FNH:0
FNDA:0,(anonymous_6)
FNDA:0,(anonymous_7)
FNDA:0,(anonymous_8)
FNDA:0,(anonymous_9)
FNDA:0,(anonymous_10)
FNDA:0,(anonymous_11)
FNDA:0,(anonymous_12)
DA:15,0
DA:16,0
DA:23,0
DA:24,0
DA:25,0
DA:26,0
DA:27,0
DA:28,0
DA:46,0
DA:52,0
DA:53,0
DA:54,0
DA:57,0
DA:60,0
DA:61,0
DA:64,0
DA:65,0
DA:66,0
DA:67,0
DA:68,0
DA:70,0
DA:71,0
DA:76,0
DA:77,0
DA:86,0
DA:95,0
DA:96,0
DA:99,0
DA:101,0
DA:102,0
DA:106,0
DA:107,0
DA:116,0
DA:119,0
DA:120,0
DA:121,0
DA:122,0
DA:123,0
DA:124,0
DA:127,0
DA:146,0
DA:180,0
LF:42
LH:0
BRDA:47,0,0,0
BRDA:48,1,0,0
BRDA:49,2,0,0
BRDA:50,3,0,0
BRDA:65,4,0,0
BRDA:65,4,1,0
BRDA:101,5,0,0
BRDA:101,5,1,0
BRDA:127,6,0,0
BRDA:151,7,0,0
BRDA:169,8,0,0
BRF:11
BRH:0
end_of_record
TN:
SF:src\components\visuals\SearchBar.tsx
FN:38,(anonymous_6)
FN:49,(anonymous_7)
FN:50,(anonymous_8)
FN:60,(anonymous_9)
FN:93,(anonymous_10)
FNF:5
FNH:0
FNDA:0,(anonymous_6)
FNDA:0,(anonymous_7)
FNDA:0,(anonymous_8)
FNDA:0,(anonymous_9)
FNDA:0,(anonymous_10)
DA:14,0
DA:15,0
DA:20,0
DA:21,0
DA:38,0
DA:44,0
DA:45,0
DA:46,0
DA:49,0
DA:50,0
DA:51,0
DA:52,0
DA:53,0
DA:57,0
DA:60,0
DA:61,0
DA:62,0
DA:63,0
DA:93,0
DA:134,0
LF:20
LH:0
BRDA:39,0,0,0
BRDA:40,1,0,0
BRDA:41,2,0,0
BRDA:52,3,0,0
BRDA:100,4,0,0
BRDA:102,5,0,0
BRDA:102,5,1,0
BRDA:107,6,0,0
BRF:8
BRH:0
end_of_record
TN:
SF:src\components\visuals\SelectionStats.tsx
FN:33,(anonymous_4)
FN:84,(anonymous_5)
FNF:2
FNH:0
FNDA:0,(anonymous_4)
FNDA:0,(anonymous_5)
DA:14,0
DA:15,0
DA:16,0
DA:33,0
DA:39,0
DA:40,0
DA:42,0
DA:43,0
DA:84,0
DA:96,0
LF:10
LH:0
BRDA:34,0,0,0
BRDA:35,1,0,0
BRDA:42,2,0,0
BRDA:55,3,0,0
BRDA:55,3,1,0
BRDA:59,4,0,0
BRDA:59,4,1,0
BRDA:65,5,0,0
BRDA:74,6,0,0
BRF:9
BRH:0
end_of_record
